{
"contracts/Banana.sol":{"l":{"8":0,"12":0,"16":0,"20":0},"path":"/Users/defifofum/Code/ApeSwap/apeswap-iazo/contracts/Banana.sol","s":{"1":0,"2":0,"3":0,"4":0},"b":{},"f":{"1":0,"2":0,"3":0,"4":0},"fnMap":{"1":{"name":"constructor","line":7,"loc":{"start":{"line":7,"column":4},"end":{"line":9,"column":4}}},"2":{"name":"mint","line":11,"loc":{"start":{"line":11,"column":4},"end":{"line":13,"column":4}}},"3":{"name":"burn","line":15,"loc":{"start":{"line":15,"column":4},"end":{"line":17,"column":4}}},"4":{"name":"burnAll","line":19,"loc":{"start":{"line":19,"column":4},"end":{"line":21,"column":4}}}},"statementMap":{"1":{"start":{"line":8,"column":8},"end":{"line":8,"column":35}},"2":{"start":{"line":12,"column":8},"end":{"line":12,"column":27}},"3":{"start":{"line":16,"column":8},"end":{"line":16,"column":27}},"4":{"start":{"line":20,"column":8},"end":{"line":20,"column":47}}},"branchMap":{}},
"contracts/ERC20Mock.sol":{"l":{"8":29,"12":16,"16":0,"20":0},"path":"/Users/defifofum/Code/ApeSwap/apeswap-iazo/contracts/ERC20Mock.sol","s":{"1":29,"2":16,"3":0,"4":0},"b":{},"f":{"1":29,"2":16,"3":0,"4":0},"fnMap":{"1":{"name":"constructor","line":7,"loc":{"start":{"line":7,"column":4},"end":{"line":9,"column":4}}},"2":{"name":"mint","line":11,"loc":{"start":{"line":11,"column":4},"end":{"line":13,"column":4}}},"3":{"name":"burn","line":15,"loc":{"start":{"line":15,"column":4},"end":{"line":17,"column":4}}},"4":{"name":"burnAll","line":19,"loc":{"start":{"line":19,"column":4},"end":{"line":21,"column":4}}}},"statementMap":{"1":{"start":{"line":8,"column":8},"end":{"line":8,"column":35}},"2":{"start":{"line":12,"column":8},"end":{"line":12,"column":27}},"3":{"start":{"line":16,"column":8},"end":{"line":16,"column":27}},"4":{"start":{"line":20,"column":8},"end":{"line":20,"column":47}}},"branchMap":{}},
"contracts/IAZO.sol":{"l":{"123":7,"124":7,"126":7,"127":7,"129":7,"130":7,"132":7,"133":7,"134":7,"135":7,"136":7,"137":7,"138":7,"139":7,"140":7,"141":7,"142":7,"143":7,"144":7,"146":7,"148":7,"149":7,"154":1,"155":1,"160":0,"161":0,"166":0,"167":0,"174":27,"176":25,"178":25,"180":17,"182":17,"184":3,"189":3,"190":3,"196":4,"197":4,"204":7,"205":7,"207":7,"208":7,"209":7,"210":7,"211":7,"212":2,"215":7,"216":7,"217":7,"218":7,"220":7,"221":7,"222":7,"223":7,"226":7,"227":1,"230":7,"231":4,"233":7,"238":5,"239":5,"247":5,"248":1,"251":5,"252":4,"257":4,"258":2,"260":4,"261":4,"262":4,"263":4,"264":4,"265":4,"266":4,"270":1,"271":1,"272":1,"273":1,"274":1,"276":1,"277":0,"279":1,"281":1,"289":1,"290":1,"301":0,"302":0,"303":0,"304":0,"305":0,"307":0,"308":0,"309":0,"315":0,"316":0,"317":0,"322":6,"323":6,"325":6,"328":2,"329":0,"330":0,"334":2,"335":2,"338":2,"341":2,"342":1,"345":2,"348":2,"349":2,"351":2,"360":2,"362":2,"364":2,"365":1,"367":1,"369":2,"370":2,"373":2,"374":2,"375":0,"376":0,"377":0,"379":0,"384":2,"386":2,"387":1,"389":1,"392":2,"400":0,"401":0,"402":0,"403":0,"404":0},"path":"/Users/defifofum/Code/ApeSwap/apeswap-iazo/contracts/IAZO.sol","s":{"1":7,"2":7,"3":7,"4":7,"5":7,"6":7,"7":7,"8":7,"9":7,"10":7,"11":7,"12":7,"13":7,"14":7,"15":7,"16":7,"17":7,"18":7,"19":7,"20":7,"21":7,"22":7,"23":1,"24":0,"25":0,"26":27,"27":2,"28":25,"29":0,"30":25,"31":8,"32":17,"33":0,"34":17,"35":14,"36":3,"37":3,"38":3,"39":4,"40":4,"41":7,"42":7,"43":7,"44":7,"45":7,"46":7,"47":7,"48":2,"49":7,"50":7,"51":7,"52":7,"53":7,"54":7,"55":7,"56":7,"57":1,"58":7,"59":4,"60":7,"61":5,"62":5,"63":5,"64":1,"65":5,"66":4,"67":4,"68":2,"69":4,"70":4,"71":4,"72":4,"73":4,"74":4,"75":4,"76":1,"77":1,"78":1,"79":1,"80":1,"81":1,"82":0,"83":1,"84":1,"85":1,"86":1,"87":0,"88":0,"89":0,"90":0,"91":0,"92":0,"93":0,"94":0,"95":0,"96":0,"97":0,"98":6,"99":6,"100":6,"101":2,"102":0,"103":0,"104":2,"105":2,"106":2,"107":2,"108":1,"109":2,"110":2,"111":2,"112":2,"113":2,"114":2,"115":2,"116":1,"117":1,"118":2,"119":2,"120":2,"121":2,"122":0,"123":0,"124":0,"125":0,"126":2,"127":2,"128":1,"129":1,"130":2,"131":0,"132":0,"133":0,"134":0,"135":0},"b":{"1":[1,0],"2":[0,0],"3":[0,0],"4":[2,25],"5":[0,25],"6":[8,17],"7":[0,17],"8":[14,3],"9":[3,0],"10":[4,0],"11":[7,0],"12":[2,5],"13":[7,0],"14":[7,0],"15":[1,6],"16":[4,3],"17":[5,0],"18":[1,4],"19":[4,1],"20":[2,2],"21":[4,0],"22":[1,0],"23":[0,1],"24":[0,0],"25":[0,0],"26":[0,0],"27":[6,0],"28":[2,4],"29":[0,2],"30":[1,1],"31":[1,1],"32":[0,2],"33":[0,0],"34":[1,1],"35":[0,0],"36":[0,0]},"f":{"1":7,"2":1,"3":0,"4":0,"5":27,"6":3,"7":4,"8":7,"9":5,"10":4,"11":1,"12":1,"13":0,"14":0,"15":6,"16":0},"fnMap":{"1":{"name":"initialize","line":122,"loc":{"start":{"line":115,"column":4},"end":{"line":150,"column":4}}},"2":{"name":"onlyAdmin","line":153,"loc":{"start":{"line":153,"column":4},"end":{"line":156,"column":4}}},"3":{"name":"onlyIAZOOwner","line":159,"loc":{"start":{"line":159,"column":4},"end":{"line":162,"column":4}}},"4":{"name":"onlyIAZOFactory","line":165,"loc":{"start":{"line":165,"column":4},"end":{"line":168,"column":4}}},"5":{"name":"getIAZOState","line":172,"loc":{"start":{"line":172,"column":4},"end":{"line":185,"column":4}}},"6":{"name":"userDepositNative","line":188,"loc":{"start":{"line":188,"column":4},"end":{"line":191,"column":4}}},"7":{"name":"userDeposit","line":195,"loc":{"start":{"line":195,"column":4},"end":{"line":198,"column":4}}},"8":{"name":"userDepositPrivate","line":202,"loc":{"start":{"line":202,"column":4},"end":{"line":234,"column":4}}},"9":{"name":"userWithdraw","line":237,"loc":{"start":{"line":237,"column":4},"end":{"line":254,"column":4}}},"10":{"name":"userWithdrawSuccessPrivate","line":256,"loc":{"start":{"line":256,"column":4},"end":{"line":267,"column":4}}},"11":{"name":"userWithdrawFailedPrivate","line":269,"loc":{"start":{"line":269,"column":4},"end":{"line":282,"column":4}}},"12":{"name":"forceFailAdmin","line":288,"loc":{"start":{"line":288,"column":4},"end":{"line":291,"column":4}}},"13":{"name":"updateStart","line":300,"loc":{"start":{"line":300,"column":4},"end":{"line":310,"column":4}}},"14":{"name":"updateMaxSpendLimit","line":314,"loc":{"start":{"line":314,"column":4},"end":{"line":318,"column":4}}},"15":{"name":"addLiquidity","line":321,"loc":{"start":{"line":321,"column":4},"end":{"line":394,"column":4}}},"16":{"name":"sweepToken","line":399,"loc":{"start":{"line":399,"column":4},"end":{"line":405,"column":4}}}},"statementMap":{"1":{"start":{"line":123,"column":8},"end":{"line":123,"column":32}},"2":{"start":{"line":124,"column":8},"end":{"line":124,"column":27}},"3":{"start":{"line":126,"column":8},"end":{"line":126,"column":51}},"4":{"start":{"line":127,"column":8},"end":{"line":127,"column":66}},"5":{"start":{"line":129,"column":8},"end":{"line":129,"column":50}},"6":{"start":{"line":130,"column":8},"end":{"line":130,"column":50}},"7":{"start":{"line":132,"column":8},"end":{"line":132,"column":95}},"8":{"start":{"line":133,"column":8},"end":{"line":133,"column":43}},"9":{"start":{"line":134,"column":8},"end":{"line":134,"column":38}},"10":{"start":{"line":135,"column":8},"end":{"line":135,"column":39}},"11":{"start":{"line":136,"column":8},"end":{"line":136,"column":39}},"12":{"start":{"line":137,"column":8},"end":{"line":137,"column":51}},"13":{"start":{"line":138,"column":8},"end":{"line":138,"column":49}},"14":{"start":{"line":139,"column":8},"end":{"line":139,"column":45}},"15":{"start":{"line":140,"column":8},"end":{"line":140,"column":47}},"16":{"start":{"line":141,"column":8},"end":{"line":141,"column":48}},"17":{"start":{"line":142,"column":8},"end":{"line":142,"column":48}},"18":{"start":{"line":143,"column":8},"end":{"line":143,"column":40}},"19":{"start":{"line":144,"column":8},"end":{"line":144,"column":46}},"20":{"start":{"line":146,"column":8},"end":{"line":146,"column":41}},"21":{"start":{"line":148,"column":8},"end":{"line":148,"column":40}},"22":{"start":{"line":149,"column":8},"end":{"line":149,"column":40}},"23":{"start":{"line":154,"column":8},"end":{"line":154,"column":63}},"24":{"start":{"line":160,"column":8},"end":{"line":160,"column":69}},"25":{"start":{"line":166,"column":8},"end":{"line":166,"column":63}},"26":{"start":{"line":174,"column":8},"end":{"line":174,"column":41}},"27":{"start":{"line":174,"column":33},"end":{"line":174,"column":41}},"28":{"start":{"line":176,"column":8},"end":{"line":176,"column":149}},"29":{"start":{"line":176,"column":141},"end":{"line":176,"column":149}},"30":{"start":{"line":178,"column":8},"end":{"line":178,"column":70}},"31":{"start":{"line":178,"column":62},"end":{"line":178,"column":70}},"32":{"start":{"line":180,"column":8},"end":{"line":180,"column":150}},"33":{"start":{"line":180,"column":142},"end":{"line":180,"column":150}},"34":{"start":{"line":182,"column":8},"end":{"line":182,"column":147}},"35":{"start":{"line":182,"column":139},"end":{"line":182,"column":147}},"36":{"start":{"line":184,"column":8},"end":{"line":184,"column":16}},"37":{"start":{"line":189,"column":8},"end":{"line":189,"column":72}},"38":{"start":{"line":190,"column":8},"end":{"line":190,"column":36}},"39":{"start":{"line":196,"column":8},"end":{"line":196,"column":94}},"40":{"start":{"line":197,"column":8},"end":{"line":197,"column":34}},"41":{"start":{"line":204,"column":8},"end":{"line":204,"column":54}},"42":{"start":{"line":205,"column":8},"end":{"line":205,"column":52}},"43":{"start":{"line":207,"column":8},"end":{"line":207,"column":79}},"44":{"start":{"line":208,"column":8},"end":{"line":208,"column":75}},"45":{"start":{"line":209,"column":8},"end":{"line":209,"column":75}},"46":{"start":{"line":210,"column":8},"end":{"line":210,"column":64}},"47":{"start":{"line":211,"column":8},"end":{"line":211,"column":9294}},"48":{"start":{"line":212,"column":12},"end":{"line":212,"column":32}},"49":{"start":{"line":215,"column":8},"end":{"line":215,"column":113}},"50":{"start":{"line":216,"column":8},"end":{"line":216,"column":49}},"51":{"start":{"line":217,"column":8},"end":{"line":217,"column":9544}},"52":{"start":{"line":220,"column":8},"end":{"line":220,"column":35}},"53":{"start":{"line":221,"column":8},"end":{"line":221,"column":39}},"54":{"start":{"line":222,"column":8},"end":{"line":222,"column":47}},"55":{"start":{"line":223,"column":8},"end":{"line":223,"column":45}},"56":{"start":{"line":226,"column":8},"end":{"line":226,"column":9849}},"57":{"start":{"line":227,"column":12},"end":{"line":227,"column":62}},"58":{"start":{"line":230,"column":8},"end":{"line":230,"column":10039}},"59":{"start":{"line":231,"column":12},"end":{"line":231,"column":86}},"60":{"start":{"line":233,"column":8},"end":{"line":233,"column":49}},"61":{"start":{"line":238,"column":8},"end":{"line":238,"column":49}},"62":{"start":{"line":239,"column":8},"end":{"line":239,"column":10390}},"63":{"start":{"line":247,"column":7},"end":{"line":247,"column":10632}},"64":{"start":{"line":248,"column":11},"end":{"line":248,"column":37}},"65":{"start":{"line":251,"column":7},"end":{"line":251,"column":10750}},"66":{"start":{"line":252,"column":11},"end":{"line":252,"column":38}},"67":{"start":{"line":257,"column":8},"end":{"line":257,"column":10922}},"68":{"start":{"line":258,"column":12},"end":{"line":258,"column":25}},"69":{"start":{"line":260,"column":8},"end":{"line":260,"column":52}},"70":{"start":{"line":261,"column":8},"end":{"line":261,"column":61}},"71":{"start":{"line":262,"column":8},"end":{"line":262,"column":58}},"72":{"start":{"line":263,"column":8},"end":{"line":263,"column":53}},"73":{"start":{"line":264,"column":8},"end":{"line":264,"column":29}},"74":{"start":{"line":265,"column":8},"end":{"line":265,"column":70}},"75":{"start":{"line":266,"column":8},"end":{"line":266,"column":62}},"76":{"start":{"line":270,"column":8},"end":{"line":270,"column":52}},"77":{"start":{"line":271,"column":8},"end":{"line":271,"column":58}},"78":{"start":{"line":272,"column":8},"end":{"line":272,"column":53}},"79":{"start":{"line":273,"column":8},"end":{"line":273,"column":50}},"80":{"start":{"line":274,"column":8},"end":{"line":274,"column":26}},"81":{"start":{"line":276,"column":8},"end":{"line":276,"column":11726}},"82":{"start":{"line":277,"column":12},"end":{"line":277,"column":57}},"83":{"start":{"line":279,"column":12},"end":{"line":279,"column":74}},"84":{"start":{"line":281,"column":8},"end":{"line":281,"column":61}},"85":{"start":{"line":289,"column":8},"end":{"line":289,"column":33}},"86":{"start":{"line":290,"column":8},"end":{"line":290,"column":36}},"87":{"start":{"line":301,"column":8},"end":{"line":301,"column":87}},"88":{"start":{"line":302,"column":8},"end":{"line":302,"column":76}},"89":{"start":{"line":303,"column":8},"end":{"line":303,"column":94}},"90":{"start":{"line":304,"column":8},"end":{"line":304,"column":61}},"91":{"start":{"line":305,"column":8},"end":{"line":305,"column":45}},"92":{"start":{"line":307,"column":8},"end":{"line":307,"column":63}},"93":{"start":{"line":308,"column":8},"end":{"line":308,"column":47}},"94":{"start":{"line":309,"column":8},"end":{"line":309,"column":123}},"95":{"start":{"line":315,"column":8},"end":{"line":315,"column":64}},"96":{"start":{"line":316,"column":8},"end":{"line":316,"column":48}},"97":{"start":{"line":317,"column":8},"end":{"line":317,"column":81}},"98":{"start":{"line":322,"column":8},"end":{"line":322,"column":83}},"99":{"start":{"line":323,"column":8},"end":{"line":323,"column":49}},"100":{"start":{"line":325,"column":8},"end":{"line":325,"column":98}},"101":{"start":{"line":328,"column":8},"end":{"line":328,"column":14002}},"102":{"start":{"line":329,"column":12},"end":{"line":329,"column":37}},"103":{"start":{"line":330,"column":12},"end":{"line":330,"column":18}},"104":{"start":{"line":334,"column":8},"end":{"line":334,"column":87}},"105":{"start":{"line":335,"column":8},"end":{"line":335,"column":95}},"106":{"start":{"line":338,"column":8},"end":{"line":338,"column":97}},"107":{"start":{"line":341,"column":8},"end":{"line":341,"column":14615}},"108":{"start":{"line":342,"column":12},"end":{"line":342,"column":53}},"109":{"start":{"line":345,"column":8},"end":{"line":345,"column":82}},"110":{"start":{"line":348,"column":8},"end":{"line":348,"column":118}},"111":{"start":{"line":349,"column":8},"end":{"line":349,"column":87}},"112":{"start":{"line":351,"column":8},"end":{"line":351,"column":15057}},"113":{"start":{"line":360,"column":8},"end":{"line":360,"column":48}},"114":{"start":{"line":362,"column":8},"end":{"line":362,"column":43}},"115":{"start":{"line":364,"column":8},"end":{"line":364,"column":15492}},"116":{"start":{"line":365,"column":12},"end":{"line":365,"column":56}},"117":{"start":{"line":367,"column":12},"end":{"line":367,"column":82}},"118":{"start":{"line":369,"column":8},"end":{"line":369,"column":83}},"119":{"start":{"line":370,"column":8},"end":{"line":370,"column":85}},"120":{"start":{"line":373,"column":8},"end":{"line":373,"column":89}},"121":{"start":{"line":374,"column":8},"end":{"line":374,"column":16024}},"122":{"start":{"line":375,"column":12},"end":{"line":375,"column":85}},"123":{"start":{"line":376,"column":12},"end":{"line":376,"column":16187}},"124":{"start":{"line":377,"column":16},"end":{"line":377,"column":92}},"125":{"start":{"line":379,"column":16},"end":{"line":379,"column":82}},"126":{"start":{"line":384,"column":8},"end":{"line":384,"column":140}},"127":{"start":{"line":386,"column":8},"end":{"line":386,"column":16656}},"128":{"start":{"line":387,"column":12},"end":{"line":387,"column":62}},"129":{"start":{"line":389,"column":12},"end":{"line":389,"column":88}},"130":{"start":{"line":392,"column":8},"end":{"line":392,"column":82}},"131":{"start":{"line":400,"column":8},"end":{"line":400,"column":72}},"132":{"start":{"line":401,"column":8},"end":{"line":401,"column":72}},"133":{"start":{"line":402,"column":8},"end":{"line":402,"column":56}},"134":{"start":{"line":403,"column":8},"end":{"line":403,"column":42}},"135":{"start":{"line":404,"column":8},"end":{"line":404,"column":54}}},"branchMap":{"1":{"line":154,"type":"if","locations":[{"start":{"line":154,"column":8},"end":{"line":154,"column":8}},{"start":{"line":154,"column":8},"end":{"line":154,"column":8}}]},"2":{"line":160,"type":"if","locations":[{"start":{"line":160,"column":8},"end":{"line":160,"column":8}},{"start":{"line":160,"column":8},"end":{"line":160,"column":8}}]},"3":{"line":166,"type":"if","locations":[{"start":{"line":166,"column":8},"end":{"line":166,"column":8}},{"start":{"line":166,"column":8},"end":{"line":166,"column":8}}]},"4":{"line":174,"type":"if","locations":[{"start":{"line":174,"column":8},"end":{"line":174,"column":8}},{"start":{"line":174,"column":8},"end":{"line":174,"column":8}}]},"5":{"line":176,"type":"if","locations":[{"start":{"line":176,"column":8},"end":{"line":176,"column":8}},{"start":{"line":176,"column":8},"end":{"line":176,"column":8}}]},"6":{"line":178,"type":"if","locations":[{"start":{"line":178,"column":8},"end":{"line":178,"column":8}},{"start":{"line":178,"column":8},"end":{"line":178,"column":8}}]},"7":{"line":180,"type":"if","locations":[{"start":{"line":180,"column":8},"end":{"line":180,"column":8}},{"start":{"line":180,"column":8},"end":{"line":180,"column":8}}]},"8":{"line":182,"type":"if","locations":[{"start":{"line":182,"column":8},"end":{"line":182,"column":8}},{"start":{"line":182,"column":8},"end":{"line":182,"column":8}}]},"9":{"line":189,"type":"if","locations":[{"start":{"line":189,"column":8},"end":{"line":189,"column":8}},{"start":{"line":189,"column":8},"end":{"line":189,"column":8}}]},"10":{"line":196,"type":"if","locations":[{"start":{"line":196,"column":8},"end":{"line":196,"column":8}},{"start":{"line":196,"column":8},"end":{"line":196,"column":8}}]},"11":{"line":204,"type":"if","locations":[{"start":{"line":204,"column":8},"end":{"line":204,"column":8}},{"start":{"line":204,"column":8},"end":{"line":204,"column":8}}]},"12":{"line":211,"type":"if","locations":[{"start":{"line":211,"column":8},"end":{"line":211,"column":8}},{"start":{"line":211,"column":8},"end":{"line":211,"column":8}}]},"13":{"line":216,"type":"if","locations":[{"start":{"line":216,"column":8},"end":{"line":216,"column":8}},{"start":{"line":216,"column":8},"end":{"line":216,"column":8}}]},"14":{"line":217,"type":"if","locations":[{"start":{"line":217,"column":8},"end":{"line":217,"column":8}},{"start":{"line":217,"column":8},"end":{"line":217,"column":8}}]},"15":{"line":226,"type":"if","locations":[{"start":{"line":226,"column":8},"end":{"line":226,"column":8}},{"start":{"line":226,"column":8},"end":{"line":226,"column":8}}]},"16":{"line":230,"type":"if","locations":[{"start":{"line":230,"column":8},"end":{"line":230,"column":8}},{"start":{"line":230,"column":8},"end":{"line":230,"column":8}}]},"17":{"line":239,"type":"if","locations":[{"start":{"line":239,"column":8},"end":{"line":239,"column":8}},{"start":{"line":239,"column":8},"end":{"line":239,"column":8}}]},"18":{"line":247,"type":"if","locations":[{"start":{"line":247,"column":7},"end":{"line":247,"column":7}},{"start":{"line":247,"column":7},"end":{"line":247,"column":7}}]},"19":{"line":251,"type":"if","locations":[{"start":{"line":251,"column":7},"end":{"line":251,"column":7}},{"start":{"line":251,"column":7},"end":{"line":251,"column":7}}]},"20":{"line":257,"type":"if","locations":[{"start":{"line":257,"column":8},"end":{"line":257,"column":8}},{"start":{"line":257,"column":8},"end":{"line":257,"column":8}}]},"21":{"line":261,"type":"if","locations":[{"start":{"line":261,"column":8},"end":{"line":261,"column":8}},{"start":{"line":261,"column":8},"end":{"line":261,"column":8}}]},"22":{"line":271,"type":"if","locations":[{"start":{"line":271,"column":8},"end":{"line":271,"column":8}},{"start":{"line":271,"column":8},"end":{"line":271,"column":8}}]},"23":{"line":276,"type":"if","locations":[{"start":{"line":276,"column":8},"end":{"line":276,"column":8}},{"start":{"line":276,"column":8},"end":{"line":276,"column":8}}]},"24":{"line":301,"type":"if","locations":[{"start":{"line":301,"column":8},"end":{"line":301,"column":8}},{"start":{"line":301,"column":8},"end":{"line":301,"column":8}}]},"25":{"line":302,"type":"if","locations":[{"start":{"line":302,"column":8},"end":{"line":302,"column":8}},{"start":{"line":302,"column":8},"end":{"line":302,"column":8}}]},"26":{"line":303,"type":"if","locations":[{"start":{"line":303,"column":8},"end":{"line":303,"column":8}},{"start":{"line":303,"column":8},"end":{"line":303,"column":8}}]},"27":{"line":322,"type":"if","locations":[{"start":{"line":322,"column":8},"end":{"line":322,"column":8}},{"start":{"line":322,"column":8},"end":{"line":322,"column":8}}]},"28":{"line":325,"type":"if","locations":[{"start":{"line":325,"column":8},"end":{"line":325,"column":8}},{"start":{"line":325,"column":8},"end":{"line":325,"column":8}}]},"29":{"line":328,"type":"if","locations":[{"start":{"line":328,"column":8},"end":{"line":328,"column":8}},{"start":{"line":328,"column":8},"end":{"line":328,"column":8}}]},"30":{"line":341,"type":"if","locations":[{"start":{"line":341,"column":8},"end":{"line":341,"column":8}},{"start":{"line":341,"column":8},"end":{"line":341,"column":8}}]},"31":{"line":364,"type":"if","locations":[{"start":{"line":364,"column":8},"end":{"line":364,"column":8}},{"start":{"line":364,"column":8},"end":{"line":364,"column":8}}]},"32":{"line":374,"type":"if","locations":[{"start":{"line":374,"column":8},"end":{"line":374,"column":8}},{"start":{"line":374,"column":8},"end":{"line":374,"column":8}}]},"33":{"line":376,"type":"if","locations":[{"start":{"line":376,"column":12},"end":{"line":376,"column":12}},{"start":{"line":376,"column":12},"end":{"line":376,"column":12}}]},"34":{"line":386,"type":"if","locations":[{"start":{"line":386,"column":8},"end":{"line":386,"column":8}},{"start":{"line":386,"column":8},"end":{"line":386,"column":8}}]},"35":{"line":400,"type":"if","locations":[{"start":{"line":400,"column":8},"end":{"line":400,"column":8}},{"start":{"line":400,"column":8},"end":{"line":400,"column":8}}]},"36":{"line":401,"type":"if","locations":[{"start":{"line":401,"column":8},"end":{"line":401,"column":8}},{"start":{"line":401,"column":8},"end":{"line":401,"column":8}}]}}},
"contracts/IAZOExposer.sol":{"l":{"48":4,"49":4,"50":4,"51":4,"52":4,"58":7,"59":7,"60":7,"61":7,"62":7,"63":7,"64":7,"76":2,"83":2,"84":2,"85":2,"86":2,"87":2,"94":0,"95":0,"102":3,"108":14,"115":0,"116":0},"path":"/Users/defifofum/Code/ApeSwap/apeswap-iazo/contracts/IAZOExposer.sol","s":{"1":4,"2":4,"3":4,"4":4,"5":4,"6":7,"7":7,"8":7,"9":7,"10":7,"11":7,"12":7,"13":2,"14":2,"15":2,"16":2,"17":2,"18":2,"19":0,"20":0,"21":3,"22":14,"23":0,"24":0},"b":{"1":[4,0],"2":[7,0],"3":[7,0],"4":[7,0],"5":[2,0],"6":[2,0],"7":[2,0],"8":[0,0]},"f":{"1":4,"2":7,"3":2,"4":2,"5":0,"6":3,"7":14,"8":0},"fnMap":{"1":{"name":"initializeExposer","line":47,"loc":{"start":{"line":47,"column":4},"end":{"line":53,"column":4}}},"2":{"name":"registerIAZO","line":57,"loc":{"start":{"line":57,"column":4},"end":{"line":66,"column":4}}},"3":{"name":"IAZOIsRegistered","line":71,"loc":{"start":{"line":71,"column":4},"end":{"line":77,"column":4}}},"4":{"name":"addTokenTimelock","line":82,"loc":{"start":{"line":82,"column":4},"end":{"line":88,"column":4}}},"5":{"name":"getTokenTimelock","line":93,"loc":{"start":{"line":93,"column":4},"end":{"line":96,"column":4}}},"6":{"name":"IAZOAtIndex","line":101,"loc":{"start":{"line":101,"column":4},"end":{"line":103,"column":4}}},"7":{"name":"IAZOsLength","line":107,"loc":{"start":{"line":107,"column":4},"end":{"line":109,"column":4}}},"8":{"name":"sweepToken","line":114,"loc":{"start":{"line":114,"column":4},"end":{"line":117,"column":4}}}},"statementMap":{"1":{"start":{"line":48,"column":8},"end":{"line":48,"column":51}},"2":{"start":{"line":49,"column":8},"end":{"line":49,"column":34}},"3":{"start":{"line":50,"column":8},"end":{"line":50,"column":47}},"4":{"start":{"line":51,"column":8},"end":{"line":51,"column":25}},"5":{"start":{"line":52,"column":8},"end":{"line":52,"column":22}},"6":{"start":{"line":58,"column":8},"end":{"line":58,"column":46}},"7":{"start":{"line":59,"column":8},"end":{"line":59,"column":55}},"8":{"start":{"line":60,"column":8},"end":{"line":60,"column":44}},"9":{"start":{"line":61,"column":8},"end":{"line":61,"column":45}},"10":{"start":{"line":62,"column":8},"end":{"line":62,"column":2151}},"11":{"start":{"line":63,"column":12},"end":{"line":63,"column":58}},"12":{"start":{"line":64,"column":12},"end":{"line":64,"column":45}},"13":{"start":{"line":76,"column":8},"end":{"line":76,"column":43}},"14":{"start":{"line":83,"column":8},"end":{"line":83,"column":46}},"15":{"start":{"line":84,"column":8},"end":{"line":84,"column":64}},"16":{"start":{"line":85,"column":8},"end":{"line":85,"column":112}},"17":{"start":{"line":86,"column":8},"end":{"line":86,"column":75}},"18":{"start":{"line":87,"column":8},"end":{"line":87,"column":64}},"19":{"start":{"line":94,"column":8},"end":{"line":94,"column":103}},"20":{"start":{"line":95,"column":8},"end":{"line":95,"column":62}},"21":{"start":{"line":102,"column":8},"end":{"line":102,"column":31}},"22":{"start":{"line":108,"column":8},"end":{"line":108,"column":29}},"23":{"start":{"line":115,"column":8},"end":{"line":115,"column":56}},"24":{"start":{"line":116,"column":8},"end":{"line":116,"column":42}}},"branchMap":{"1":{"line":48,"type":"if","locations":[{"start":{"line":48,"column":8},"end":{"line":48,"column":8}},{"start":{"line":48,"column":8},"end":{"line":48,"column":8}}]},"2":{"line":58,"type":"if","locations":[{"start":{"line":58,"column":8},"end":{"line":58,"column":8}},{"start":{"line":58,"column":8},"end":{"line":58,"column":8}}]},"3":{"line":59,"type":"if","locations":[{"start":{"line":59,"column":8},"end":{"line":59,"column":8}},{"start":{"line":59,"column":8},"end":{"line":59,"column":8}}]},"4":{"line":62,"type":"if","locations":[{"start":{"line":62,"column":8},"end":{"line":62,"column":8}},{"start":{"line":62,"column":8},"end":{"line":62,"column":8}}]},"5":{"line":83,"type":"if","locations":[{"start":{"line":83,"column":8},"end":{"line":83,"column":8}},{"start":{"line":83,"column":8},"end":{"line":83,"column":8}}]},"6":{"line":84,"type":"if","locations":[{"start":{"line":84,"column":8},"end":{"line":84,"column":8}},{"start":{"line":84,"column":8},"end":{"line":84,"column":8}}]},"7":{"line":85,"type":"if","locations":[{"start":{"line":85,"column":8},"end":{"line":85,"column":8}},{"start":{"line":85,"column":8},"end":{"line":85,"column":8}}]},"8":{"line":94,"type":"if","locations":[{"start":{"line":94,"column":8},"end":{"line":94,"column":8}},{"start":{"line":94,"column":8},"end":{"line":94,"column":8}}]}}},
"contracts/IAZOFactory.sol":{"l":{"101":4,"103":4,"104":4,"105":4,"106":4,"107":4,"108":4,"109":4,"110":4,"111":4,"127":21,"128":21,"129":21,"130":21,"131":21,"132":21,"133":21,"134":21,"135":21,"136":21,"137":21,"138":18,"140":3,"145":21,"147":21,"150":21,"155":19,"159":19,"160":17,"164":15,"170":13,"171":11,"173":9,"178":7,"179":7,"181":7,"183":7,"185":7,"195":7,"196":7,"197":7,"198":7,"199":7,"201":7,"202":7,"203":7,"204":7,"206":3,"207":3,"220":10,"221":10,"238":3,"239":3,"240":3,"251":10,"252":10,"253":10,"254":10,"255":10,"256":10,"262":0,"263":0,"264":0,"265":0,"271":0,"272":0,"273":0,"274":0,"281":0,"282":0,"283":0},"path":"/Users/defifofum/Code/ApeSwap/apeswap-iazo/contracts/IAZOFactory.sol","s":{"1":4,"2":4,"3":4,"4":4,"5":4,"6":4,"7":4,"8":4,"9":4,"10":4,"11":21,"12":21,"13":21,"14":21,"15":21,"16":21,"17":21,"18":21,"19":21,"20":21,"21":21,"22":18,"23":3,"24":21,"25":21,"26":21,"27":19,"28":19,"29":17,"30":15,"31":13,"32":11,"33":9,"34":7,"35":7,"36":7,"37":7,"38":7,"39":7,"40":7,"41":7,"42":7,"43":7,"44":7,"45":7,"46":7,"47":7,"48":3,"49":3,"50":10,"51":10,"52":3,"53":3,"54":3,"55":10,"56":10,"57":10,"58":10,"59":10,"60":10,"61":0,"62":0,"63":0,"64":0,"65":0,"66":0,"67":0,"68":0,"69":0,"70":0,"71":0},"b":{"1":[4,0],"2":[4,0],"3":[4,0],"4":[21,0],"5":[18,3],"6":[21,0],"7":[21,0],"8":[19,2],"9":[17,2],"10":[15,2],"11":[13,2],"12":[11,2],"13":[9,2],"14":[7,2],"15":[7,0],"16":[3,0],"17":[10,0],"18":[10,0],"19":[0,0],"20":[0,0]},"f":{"1":4,"2":21,"3":10,"4":3,"5":10,"6":0,"7":0,"8":0},"fnMap":{"1":{"name":"initialize","line":100,"loc":{"start":{"line":93,"column":4},"end":{"line":112,"column":4}}},"2":{"name":"createIAZO","line":120,"loc":{"start":{"line":120,"column":4},"end":{"line":208,"column":4}}},"3":{"name":"getHardCap","line":215,"loc":{"start":{"line":215,"column":4},"end":{"line":222,"column":4}}},"4":{"name":"getTokensRequired","line":231,"loc":{"start":{"line":231,"column":4},"end":{"line":241,"column":4}}},"5":{"name":"getTokensRequiredInternal","line":243,"loc":{"start":{"line":243,"column":4},"end":{"line":257,"column":4}}},"6":{"name":"pushIAZOVersion","line":261,"loc":{"start":{"line":261,"column":4},"end":{"line":266,"column":4}}},"7":{"name":"setIAZOVersion","line":270,"loc":{"start":{"line":270,"column":4},"end":{"line":275,"column":4}}},"8":{"name":"sweepToken","line":280,"loc":{"start":{"line":280,"column":4},"end":{"line":284,"column":4}}}},"statementMap":{"1":{"start":{"line":101,"column":8},"end":{"line":101,"column":22}},"2":{"start":{"line":103,"column":8},"end":{"line":103,"column":96}},"3":{"start":{"line":104,"column":8},"end":{"line":104,"column":59}},"4":{"start":{"line":105,"column":8},"end":{"line":105,"column":34}},"5":{"start":{"line":106,"column":8},"end":{"line":106,"column":83}},"6":{"start":{"line":107,"column":8},"end":{"line":107,"column":36}},"7":{"start":{"line":108,"column":8},"end":{"line":108,"column":83}},"8":{"start":{"line":109,"column":8},"end":{"line":109,"column":51}},"9":{"start":{"line":110,"column":8},"end":{"line":110,"column":105}},"10":{"start":{"line":111,"column":8},"end":{"line":111,"column":27}},"11":{"start":{"line":127,"column":8},"end":{"line":127,"column":84}},"12":{"start":{"line":128,"column":8},"end":{"line":128,"column":32}},"13":{"start":{"line":129,"column":8},"end":{"line":129,"column":43}},"14":{"start":{"line":130,"column":8},"end":{"line":130,"column":38}},"15":{"start":{"line":131,"column":8},"end":{"line":131,"column":39}},"16":{"start":{"line":132,"column":8},"end":{"line":132,"column":42}},"17":{"start":{"line":133,"column":8},"end":{"line":133,"column":43}},"18":{"start":{"line":134,"column":8},"end":{"line":134,"column":43}},"19":{"start":{"line":135,"column":8},"end":{"line":135,"column":51}},"20":{"start":{"line":136,"column":8},"end":{"line":136,"column":49}},"21":{"start":{"line":137,"column":8},"end":{"line":137,"column":5793}},"22":{"start":{"line":138,"column":12},"end":{"line":138,"column":52}},"23":{"start":{"line":140,"column":12},"end":{"line":140,"column":49}},"24":{"start":{"line":145,"column":8},"end":{"line":145,"column":76}},"25":{"start":{"line":147,"column":8},"end":{"line":147,"column":93}},"26":{"start":{"line":150,"column":8},"end":{"line":150,"column":6356}},"27":{"start":{"line":155,"column":8},"end":{"line":155,"column":6580}},"28":{"start":{"line":159,"column":8},"end":{"line":159,"column":82}},"29":{"start":{"line":160,"column":8},"end":{"line":160,"column":6759}},"30":{"start":{"line":164,"column":8},"end":{"line":164,"column":6898}},"31":{"start":{"line":170,"column":8},"end":{"line":170,"column":62}},"32":{"start":{"line":171,"column":8},"end":{"line":171,"column":61}},"33":{"start":{"line":173,"column":8},"end":{"line":173,"column":7322}},"34":{"start":{"line":178,"column":8},"end":{"line":178,"column":53}},"35":{"start":{"line":179,"column":8},"end":{"line":179,"column":86}},"36":{"start":{"line":181,"column":8},"end":{"line":181,"column":76}},"37":{"start":{"line":183,"column":8},"end":{"line":183,"column":62}},"38":{"start":{"line":185,"column":8},"end":{"line":185,"column":7923}},"39":{"start":{"line":195,"column":8},"end":{"line":195,"column":95}},"40":{"start":{"line":196,"column":8},"end":{"line":196,"column":97}},"41":{"start":{"line":197,"column":8},"end":{"line":197,"column":276}},"42":{"start":{"line":198,"column":8},"end":{"line":198,"column":46}},"43":{"start":{"line":199,"column":8},"end":{"line":199,"column":58}},"44":{"start":{"line":201,"column":8},"end":{"line":201,"column":86}},"45":{"start":{"line":202,"column":8},"end":{"line":202,"column":95}},"46":{"start":{"line":203,"column":8},"end":{"line":203,"column":50}},"47":{"start":{"line":204,"column":8},"end":{"line":204,"column":85}},"48":{"start":{"line":206,"column":8},"end":{"line":206,"column":105}},"49":{"start":{"line":207,"column":8},"end":{"line":207,"column":42}},"50":{"start":{"line":220,"column":8},"end":{"line":220,"column":67}},"51":{"start":{"line":221,"column":8},"end":{"line":221,"column":22}},"52":{"start":{"line":238,"column":8},"end":{"line":238,"column":69}},"53":{"start":{"line":239,"column":8},"end":{"line":239,"column":62}},"54":{"start":{"line":240,"column":8},"end":{"line":240,"column":117}},"55":{"start":{"line":251,"column":8},"end":{"line":251,"column":107}},"56":{"start":{"line":252,"column":8},"end":{"line":252,"column":78}},"57":{"start":{"line":253,"column":8},"end":{"line":253,"column":62}},"58":{"start":{"line":254,"column":8},"end":{"line":254,"column":78}},"59":{"start":{"line":255,"column":8},"end":{"line":255,"column":75}},"60":{"start":{"line":256,"column":8},"end":{"line":256,"column":29}},"61":{"start":{"line":262,"column":8},"end":{"line":262,"column":92}},"62":{"start":{"line":263,"column":8},"end":{"line":263,"column":55}},"63":{"start":{"line":264,"column":8},"end":{"line":264,"column":51}},"64":{"start":{"line":265,"column":8},"end":{"line":265,"column":65}},"65":{"start":{"line":271,"column":8},"end":{"line":271,"column":85}},"66":{"start":{"line":272,"column":8},"end":{"line":272,"column":45}},"67":{"start":{"line":273,"column":8},"end":{"line":273,"column":36}},"68":{"start":{"line":274,"column":8},"end":{"line":274,"column":60}},"69":{"start":{"line":281,"column":8},"end":{"line":281,"column":56}},"70":{"start":{"line":282,"column":8},"end":{"line":282,"column":42}},"71":{"start":{"line":283,"column":8},"end":{"line":283,"column":54}}},"branchMap":{"1":{"line":103,"type":"if","locations":[{"start":{"line":103,"column":8},"end":{"line":103,"column":8}},{"start":{"line":103,"column":8},"end":{"line":103,"column":8}}]},"2":{"line":108,"type":"if","locations":[{"start":{"line":108,"column":8},"end":{"line":108,"column":8}},{"start":{"line":108,"column":8},"end":{"line":108,"column":8}}]},"3":{"line":110,"type":"if","locations":[{"start":{"line":110,"column":8},"end":{"line":110,"column":8}},{"start":{"line":110,"column":8},"end":{"line":110,"column":8}}]},"4":{"line":127,"type":"if","locations":[{"start":{"line":127,"column":8},"end":{"line":127,"column":8}},{"start":{"line":127,"column":8},"end":{"line":127,"column":8}}]},"5":{"line":137,"type":"if","locations":[{"start":{"line":137,"column":8},"end":{"line":137,"column":8}},{"start":{"line":137,"column":8},"end":{"line":137,"column":8}}]},"6":{"line":145,"type":"if","locations":[{"start":{"line":145,"column":8},"end":{"line":145,"column":8}},{"start":{"line":145,"column":8},"end":{"line":145,"column":8}}]},"7":{"line":147,"type":"if","locations":[{"start":{"line":147,"column":8},"end":{"line":147,"column":8}},{"start":{"line":147,"column":8},"end":{"line":147,"column":8}}]},"8":{"line":150,"type":"if","locations":[{"start":{"line":150,"column":8},"end":{"line":150,"column":8}},{"start":{"line":150,"column":8},"end":{"line":150,"column":8}}]},"9":{"line":159,"type":"if","locations":[{"start":{"line":159,"column":8},"end":{"line":159,"column":8}},{"start":{"line":159,"column":8},"end":{"line":159,"column":8}}]},"10":{"line":160,"type":"if","locations":[{"start":{"line":160,"column":8},"end":{"line":160,"column":8}},{"start":{"line":160,"column":8},"end":{"line":160,"column":8}}]},"11":{"line":164,"type":"if","locations":[{"start":{"line":164,"column":8},"end":{"line":164,"column":8}},{"start":{"line":164,"column":8},"end":{"line":164,"column":8}}]},"12":{"line":170,"type":"if","locations":[{"start":{"line":170,"column":8},"end":{"line":170,"column":8}},{"start":{"line":170,"column":8},"end":{"line":170,"column":8}}]},"13":{"line":171,"type":"if","locations":[{"start":{"line":171,"column":8},"end":{"line":171,"column":8}},{"start":{"line":171,"column":8},"end":{"line":171,"column":8}}]},"14":{"line":173,"type":"if","locations":[{"start":{"line":173,"column":8},"end":{"line":173,"column":8}},{"start":{"line":173,"column":8},"end":{"line":173,"column":8}}]},"15":{"line":181,"type":"if","locations":[{"start":{"line":181,"column":8},"end":{"line":181,"column":8}},{"start":{"line":181,"column":8},"end":{"line":181,"column":8}}]},"16":{"line":206,"type":"if","locations":[{"start":{"line":206,"column":8},"end":{"line":206,"column":8}},{"start":{"line":206,"column":8},"end":{"line":206,"column":8}}]},"17":{"line":252,"type":"if","locations":[{"start":{"line":252,"column":8},"end":{"line":252,"column":8}},{"start":{"line":252,"column":8},"end":{"line":252,"column":8}}]},"18":{"line":254,"type":"if","locations":[{"start":{"line":254,"column":8},"end":{"line":254,"column":8}},{"start":{"line":254,"column":8},"end":{"line":254,"column":8}}]},"19":{"line":262,"type":"if","locations":[{"start":{"line":262,"column":8},"end":{"line":262,"column":8}},{"start":{"line":262,"column":8},"end":{"line":262,"column":8}}]},"20":{"line":271,"type":"if","locations":[{"start":{"line":271,"column":8},"end":{"line":271,"column":8}},{"start":{"line":271,"column":8},"end":{"line":271,"column":8}}]}}},
"contracts/IAZOLiquidityLocker.sol":{"l":{"113":4,"115":4,"116":4,"117":4,"129":2,"130":2,"131":2,"133":0,"134":0,"135":0,"137":0,"159":2,"161":2,"162":2,"163":2,"164":2,"166":2,"169":2,"170":2,"172":2,"173":2,"174":2,"177":2,"178":2,"179":2,"181":2,"182":2,"184":2,"185":2,"187":2,"194":0,"195":0,"196":0},"path":"/Users/defifofum/Code/ApeSwap/apeswap-iazo/contracts/IAZOLiquidityLocker.sol","s":{"1":4,"2":4,"3":4,"4":4,"5":2,"6":2,"7":2,"8":0,"9":0,"10":0,"11":0,"12":2,"13":2,"14":2,"15":2,"16":2,"17":2,"18":2,"19":2,"20":2,"21":2,"22":2,"23":2,"24":2,"25":2,"26":2,"27":2,"28":2,"29":2,"30":2,"31":0,"32":0,"33":0},"b":{"1":[2,0],"2":[0,0],"3":[2,0],"4":[2,0],"5":[2,0],"6":[2,0],"7":[2,0]},"f":{"1":4,"2":2,"3":2,"4":0},"fnMap":{"1":{"name":"initialize","line":112,"loc":{"start":{"line":112,"column":4},"end":{"line":118,"column":4}}},"2":{"name":"apePairIsInitialised","line":128,"loc":{"start":{"line":128,"column":4},"end":{"line":138,"column":4}}},"3":{"name":"lockLiquidity","line":149,"loc":{"start":{"line":149,"column":4},"end":{"line":188,"column":4}}},"4":{"name":"sweepToken","line":193,"loc":{"start":{"line":193,"column":4},"end":{"line":197,"column":4}}}},"statementMap":{"1":{"start":{"line":113,"column":8},"end":{"line":113,"column":21}},"2":{"start":{"line":115,"column":8},"end":{"line":115,"column":46}},"3":{"start":{"line":116,"column":8},"end":{"line":116,"column":44}},"4":{"start":{"line":117,"column":8},"end":{"line":117,"column":50}},"5":{"start":{"line":129,"column":8},"end":{"line":129,"column":73}},"6":{"start":{"line":130,"column":8},"end":{"line":130,"column":5380}},"7":{"start":{"line":131,"column":12},"end":{"line":131,"column":24}},"8":{"start":{"line":133,"column":8},"end":{"line":133,"column":67}},"9":{"start":{"line":134,"column":8},"end":{"line":134,"column":5526}},"10":{"start":{"line":135,"column":12},"end":{"line":135,"column":23}},"11":{"start":{"line":137,"column":8},"end":{"line":137,"column":20}},"12":{"start":{"line":159,"column":8},"end":{"line":159,"column":80}},"13":{"start":{"line":161,"column":8},"end":{"line":161,"column":91}},"14":{"start":{"line":162,"column":8},"end":{"line":162,"column":6727}},"15":{"start":{"line":163,"column":12},"end":{"line":163,"column":75}},"16":{"start":{"line":164,"column":12},"end":{"line":164,"column":86}},"17":{"start":{"line":166,"column":8},"end":{"line":166,"column":45}},"18":{"start":{"line":169,"column":8},"end":{"line":169,"column":72}},"19":{"start":{"line":170,"column":8},"end":{"line":170,"column":72}},"20":{"start":{"line":172,"column":8},"end":{"line":172,"column":31}},"21":{"start":{"line":173,"column":8},"end":{"line":173,"column":67}},"22":{"start":{"line":174,"column":8},"end":{"line":174,"column":63}},"23":{"start":{"line":177,"column":8},"end":{"line":177,"column":115}},"24":{"start":{"line":178,"column":8},"end":{"line":178,"column":98}},"25":{"start":{"line":179,"column":8},"end":{"line":179,"column":88}},"26":{"start":{"line":181,"column":8},"end":{"line":181,"column":68}},"27":{"start":{"line":182,"column":8},"end":{"line":182,"column":76}},"28":{"start":{"line":184,"column":8},"end":{"line":184,"column":78}},"29":{"start":{"line":185,"column":8},"end":{"line":185,"column":97}},"30":{"start":{"line":187,"column":8},"end":{"line":187,"column":28}},"31":{"start":{"line":194,"column":8},"end":{"line":194,"column":56}},"32":{"start":{"line":195,"column":8},"end":{"line":195,"column":46}},"33":{"start":{"line":196,"column":8},"end":{"line":196,"column":54}}},"branchMap":{"1":{"line":130,"type":"if","locations":[{"start":{"line":130,"column":8},"end":{"line":130,"column":8}},{"start":{"line":130,"column":8},"end":{"line":130,"column":8}}]},"2":{"line":134,"type":"if","locations":[{"start":{"line":134,"column":8},"end":{"line":134,"column":8}},{"start":{"line":134,"column":8},"end":{"line":134,"column":8}}]},"3":{"line":159,"type":"if","locations":[{"start":{"line":159,"column":8},"end":{"line":159,"column":8}},{"start":{"line":159,"column":8},"end":{"line":159,"column":8}}]},"4":{"line":162,"type":"if","locations":[{"start":{"line":162,"column":8},"end":{"line":162,"column":8}},{"start":{"line":162,"column":8},"end":{"line":162,"column":8}}]},"5":{"line":174,"type":"if","locations":[{"start":{"line":174,"column":8},"end":{"line":174,"column":8}},{"start":{"line":174,"column":8},"end":{"line":174,"column":8}}]},"6":{"line":178,"type":"if","locations":[{"start":{"line":178,"column":8},"end":{"line":178,"column":8}},{"start":{"line":178,"column":8},"end":{"line":178,"column":8}}]},"7":{"line":179,"type":"if","locations":[{"start":{"line":179,"column":8},"end":{"line":179,"column":8}},{"start":{"line":179,"column":8},"end":{"line":179,"column":8}}]}}},
"contracts/IAZOSettings.sol":{"l":{"49":5,"50":5,"51":5,"52":5,"53":5,"54":5,"55":5,"56":5,"57":5,"58":5,"59":5,"63":7,"67":7,"71":2,"75":1,"79":17,"83":19,"87":9,"91":11,"95":1,"99":0,"103":23,"107":23,"111":31,"115":2,"119":1,"120":1,"121":1,"125":1,"126":1,"127":1,"131":1,"132":1,"133":1,"135":1,"136":1,"137":1,"139":1,"140":1,"141":1,"145":1,"146":1,"147":1,"148":1,"152":1,"153":1,"154":1,"155":1,"159":1,"160":1,"161":1,"165":1,"166":1,"167":1},"path":"/Users/defifofum/Code/ApeSwap/apeswap-iazo/contracts/IAZOSettings.sol","s":{"1":5,"2":5,"3":5,"4":5,"5":5,"6":5,"7":5,"8":5,"9":5,"10":5,"11":5,"12":7,"13":2,"14":1,"15":17,"16":19,"17":9,"18":11,"19":1,"20":0,"21":23,"22":23,"23":31,"24":2,"25":1,"26":1,"27":1,"28":1,"29":1,"30":1,"31":1,"32":1,"33":1,"34":1,"35":1,"36":1,"37":1,"38":1,"39":1,"40":1,"41":1,"42":1,"43":1,"44":1,"45":1,"46":1,"47":1,"48":1,"49":1,"50":1,"51":1,"52":1,"53":1},"b":{"1":[7,0],"2":[1,0],"3":[1,0],"4":[1,0],"5":[1,0]},"f":{"1":5,"2":7,"3":2,"4":1,"5":17,"6":19,"7":9,"8":11,"9":1,"10":0,"11":23,"12":23,"13":31,"14":2,"15":1,"16":1,"17":1,"18":1,"19":1,"20":1,"21":1},"fnMap":{"1":{"name":"constructor","line":48,"loc":{"start":{"line":48,"column":4},"end":{"line":60,"column":4}}},"2":{"name":"onlyAdmin","line":62,"loc":{"start":{"line":62,"column":4},"end":{"line":68,"column":4}}},"3":{"name":"getAdminAddress","line":70,"loc":{"start":{"line":70,"column":4},"end":{"line":72,"column":4}}},"4":{"name":"isAdmin","line":74,"loc":{"start":{"line":74,"column":4},"end":{"line":76,"column":4}}},"5":{"name":"getMaxIAZOLength","line":78,"loc":{"start":{"line":78,"column":4},"end":{"line":80,"column":4}}},"6":{"name":"getMinIAZOLength","line":82,"loc":{"start":{"line":82,"column":4},"end":{"line":84,"column":4}}},"7":{"name":"getBaseFee","line":86,"loc":{"start":{"line":86,"column":4},"end":{"line":88,"column":4}}},"8":{"name":"getIAZOTokenFee","line":90,"loc":{"start":{"line":90,"column":4},"end":{"line":92,"column":4}}},"9":{"name":"getMaxBaseFee","line":94,"loc":{"start":{"line":94,"column":4},"end":{"line":96,"column":4}}},"10":{"name":"getMaxIAZOTokenFee","line":98,"loc":{"start":{"line":98,"column":4},"end":{"line":100,"column":4}}},"11":{"name":"getNativeCreationFee","line":102,"loc":{"start":{"line":102,"column":4},"end":{"line":104,"column":4}}},"12":{"name":"getMinLockPeriod","line":106,"loc":{"start":{"line":106,"column":4},"end":{"line":108,"column":4}}},"13":{"name":"getFeeAddress","line":110,"loc":{"start":{"line":110,"column":4},"end":{"line":112,"column":4}}},"14":{"name":"getBurnAddress","line":114,"loc":{"start":{"line":114,"column":4},"end":{"line":116,"column":4}}},"15":{"name":"setAdminAddress","line":118,"loc":{"start":{"line":118,"column":4},"end":{"line":122,"column":4}}},"16":{"name":"setFeeAddress","line":124,"loc":{"start":{"line":124,"column":4},"end":{"line":128,"column":4}}},"17":{"name":"setFees","line":130,"loc":{"start":{"line":130,"column":4},"end":{"line":142,"column":4}}},"18":{"name":"setMaxIAZOLength","line":144,"loc":{"start":{"line":144,"column":4},"end":{"line":149,"column":4}}},"19":{"name":"setMinIAZOLength","line":151,"loc":{"start":{"line":151,"column":4},"end":{"line":156,"column":4}}},"20":{"name":"setMinLockPeriod","line":158,"loc":{"start":{"line":158,"column":4},"end":{"line":162,"column":4}}},"21":{"name":"setBurnAddress","line":164,"loc":{"start":{"line":164,"column":4},"end":{"line":168,"column":4}}}},"statementMap":{"1":{"start":{"line":49,"column":8},"end":{"line":49,"column":37}},"2":{"start":{"line":50,"column":8},"end":{"line":50,"column":29}},"3":{"start":{"line":51,"column":8},"end":{"line":51,"column":34}},"4":{"start":{"line":52,"column":8},"end":{"line":52,"column":35}},"5":{"start":{"line":53,"column":8},"end":{"line":53,"column":40}},"6":{"start":{"line":54,"column":8},"end":{"line":54,"column":42}},"7":{"start":{"line":55,"column":8},"end":{"line":55,"column":49}},"8":{"start":{"line":56,"column":8},"end":{"line":56,"column":39}},"9":{"start":{"line":57,"column":8},"end":{"line":57,"column":41}},"10":{"start":{"line":58,"column":8},"end":{"line":58,"column":41}},"11":{"start":{"line":59,"column":8},"end":{"line":59,"column":73}},"12":{"start":{"line":63,"column":8},"end":{"line":63,"column":2727}},"13":{"start":{"line":71,"column":8},"end":{"line":71,"column":37}},"14":{"start":{"line":75,"column":8},"end":{"line":75,"column":48}},"15":{"start":{"line":79,"column":8},"end":{"line":79,"column":39}},"16":{"start":{"line":83,"column":8},"end":{"line":83,"column":39}},"17":{"start":{"line":87,"column":8},"end":{"line":87,"column":32}},"18":{"start":{"line":91,"column":8},"end":{"line":91,"column":38}},"19":{"start":{"line":95,"column":8},"end":{"line":95,"column":36}},"20":{"start":{"line":99,"column":8},"end":{"line":99,"column":42}},"21":{"start":{"line":103,"column":8},"end":{"line":103,"column":43}},"22":{"start":{"line":107,"column":8},"end":{"line":107,"column":39}},"23":{"start":{"line":111,"column":8},"end":{"line":111,"column":35}},"24":{"start":{"line":115,"column":8},"end":{"line":115,"column":36}},"25":{"start":{"line":119,"column":8},"end":{"line":119,"column":54}},"26":{"start":{"line":120,"column":8},"end":{"line":120,"column":40}},"27":{"start":{"line":121,"column":8},"end":{"line":121,"column":68}},"28":{"start":{"line":125,"column":8},"end":{"line":125,"column":57}},"29":{"start":{"line":126,"column":8},"end":{"line":126,"column":38}},"30":{"start":{"line":127,"column":8},"end":{"line":127,"column":71}},"31":{"start":{"line":131,"column":8},"end":{"line":131,"column":80}},"32":{"start":{"line":132,"column":8},"end":{"line":132,"column":51}},"33":{"start":{"line":133,"column":8},"end":{"line":133,"column":35}},"34":{"start":{"line":135,"column":8},"end":{"line":135,"column":97}},"35":{"start":{"line":136,"column":8},"end":{"line":136,"column":62}},"36":{"start":{"line":137,"column":8},"end":{"line":137,"column":46}},"37":{"start":{"line":139,"column":8},"end":{"line":139,"column":61}},"38":{"start":{"line":140,"column":8},"end":{"line":140,"column":56}},"39":{"start":{"line":141,"column":8},"end":{"line":141,"column":152}},"40":{"start":{"line":145,"column":8},"end":{"line":145,"column":54}},"41":{"start":{"line":146,"column":8},"end":{"line":146,"column":60}},"42":{"start":{"line":147,"column":8},"end":{"line":147,"column":44}},"43":{"start":{"line":148,"column":8},"end":{"line":148,"column":77}},"44":{"start":{"line":152,"column":8},"end":{"line":152,"column":54}},"45":{"start":{"line":153,"column":8},"end":{"line":153,"column":60}},"46":{"start":{"line":154,"column":8},"end":{"line":154,"column":44}},"47":{"start":{"line":155,"column":8},"end":{"line":155,"column":77}},"48":{"start":{"line":159,"column":8},"end":{"line":159,"column":64}},"49":{"start":{"line":160,"column":8},"end":{"line":160,"column":48}},"50":{"start":{"line":161,"column":8},"end":{"line":161,"column":81}},"51":{"start":{"line":165,"column":8},"end":{"line":165,"column":59}},"52":{"start":{"line":166,"column":8},"end":{"line":166,"column":43}},"53":{"start":{"line":167,"column":8},"end":{"line":167,"column":74}}},"branchMap":{"1":{"line":63,"type":"if","locations":[{"start":{"line":63,"column":8},"end":{"line":63,"column":8}},{"start":{"line":63,"column":8},"end":{"line":63,"column":8}}]},"2":{"line":131,"type":"if","locations":[{"start":{"line":131,"column":8},"end":{"line":131,"column":8}},{"start":{"line":131,"column":8},"end":{"line":131,"column":8}}]},"3":{"line":135,"type":"if","locations":[{"start":{"line":135,"column":8},"end":{"line":135,"column":8}},{"start":{"line":135,"column":8},"end":{"line":135,"column":8}}]},"4":{"line":145,"type":"if","locations":[{"start":{"line":145,"column":8},"end":{"line":145,"column":8}},{"start":{"line":145,"column":8},"end":{"line":145,"column":8}}]},"5":{"line":152,"type":"if","locations":[{"start":{"line":152,"column":8},"end":{"line":152,"column":8}},{"start":{"line":152,"column":8},"end":{"line":152,"column":8}}]}}},
"contracts/IAZOTokenTimelock.sol":{"l":{"58":2,"59":2,"61":2,"62":2,"67":0,"71":0,"75":0,"79":0,"83":0,"87":0,"91":2,"95":2,"96":2,"103":0,"108":0,"109":0,"111":0,"112":0,"119":0,"126":2,"127":2,"135":0,"136":0,"138":0,"140":0},"path":"/Users/defifofum/Code/ApeSwap/apeswap-iazo/contracts/IAZOTokenTimelock.sol","s":{"1":2,"2":2,"3":2,"4":2,"5":0,"6":0,"7":0,"8":0,"9":2,"10":2,"11":2,"12":0,"13":0,"14":0,"15":0,"16":0,"17":0,"18":2,"19":2,"20":0,"21":0,"22":0,"23":0},"b":{"1":[0,0],"2":[0,0],"3":[0,0],"4":[0,0],"5":[0,0],"6":[0,0]},"f":{"1":2,"2":0,"3":0,"4":0,"5":0,"6":2,"7":2,"8":0,"9":0,"10":2,"11":0},"fnMap":{"1":{"name":"constructor","line":52,"loc":{"start":{"line":52,"column":4},"end":{"line":64,"column":4}}},"2":{"name":"onlyAdmin","line":66,"loc":{"start":{"line":66,"column":4},"end":{"line":72,"column":4}}},"3":{"name":"onlyBeneficiary","line":74,"loc":{"start":{"line":74,"column":4},"end":{"line":80,"column":4}}},"4":{"name":"numberOfBeneficiaries","line":82,"loc":{"start":{"line":82,"column":4},"end":{"line":84,"column":4}}},"5":{"name":"beneficiaryAtIndex","line":86,"loc":{"start":{"line":86,"column":4},"end":{"line":88,"column":4}}},"6":{"name":"isBeneficiary","line":90,"loc":{"start":{"line":90,"column":4},"end":{"line":92,"column":4}}},"7":{"name":"deposit","line":94,"loc":{"start":{"line":94,"column":4},"end":{"line":97,"column":4}}},"8":{"name":"release","line":102,"loc":{"start":{"line":102,"column":4},"end":{"line":113,"column":4}}},"9":{"name":"addBeneficiary","line":118,"loc":{"start":{"line":118,"column":4},"end":{"line":120,"column":4}}},"10":{"name":"addBeneficiaryInternal","line":125,"loc":{"start":{"line":125,"column":4},"end":{"line":128,"column":4}}},"11":{"name":"revoke","line":134,"loc":{"start":{"line":134,"column":4},"end":{"line":141,"column":4}}}},"statementMap":{"1":{"start":{"line":58,"column":8},"end":{"line":58,"column":32}},"2":{"start":{"line":59,"column":8},"end":{"line":59,"column":43}},"3":{"start":{"line":61,"column":8},"end":{"line":61,"column":33}},"4":{"start":{"line":62,"column":8},"end":{"line":62,"column":29}},"5":{"start":{"line":67,"column":8},"end":{"line":67,"column":2056}},"6":{"start":{"line":75,"column":8},"end":{"line":75,"column":2231}},"7":{"start":{"line":83,"column":8},"end":{"line":83,"column":37}},"8":{"start":{"line":87,"column":8},"end":{"line":87,"column":39}},"9":{"start":{"line":91,"column":8},"end":{"line":91,"column":47}},"10":{"start":{"line":95,"column":8},"end":{"line":95,"column":66}},"11":{"start":{"line":96,"column":8},"end":{"line":96,"column":37}},"12":{"start":{"line":103,"column":8},"end":{"line":103,"column":3061}},"13":{"start":{"line":108,"column":8},"end":{"line":108,"column":56}},"14":{"start":{"line":109,"column":8},"end":{"line":109,"column":65}},"15":{"start":{"line":111,"column":8},"end":{"line":111,"column":46}},"16":{"start":{"line":112,"column":8},"end":{"line":112,"column":42}},"17":{"start":{"line":119,"column":8},"end":{"line":119,"column":45}},"18":{"start":{"line":126,"column":8},"end":{"line":126,"column":40}},"19":{"start":{"line":127,"column":8},"end":{"line":127,"column":45}},"20":{"start":{"line":135,"column":8},"end":{"line":135,"column":51}},"21":{"start":{"line":136,"column":8},"end":{"line":136,"column":51}},"22":{"start":{"line":138,"column":8},"end":{"line":138,"column":29}},"23":{"start":{"line":140,"column":8},"end":{"line":140,"column":28}}},"branchMap":{"1":{"line":67,"type":"if","locations":[{"start":{"line":67,"column":8},"end":{"line":67,"column":8}},{"start":{"line":67,"column":8},"end":{"line":67,"column":8}}]},"2":{"line":75,"type":"if","locations":[{"start":{"line":75,"column":8},"end":{"line":75,"column":8}},{"start":{"line":75,"column":8},"end":{"line":75,"column":8}}]},"3":{"line":103,"type":"if","locations":[{"start":{"line":103,"column":8},"end":{"line":103,"column":8}},{"start":{"line":103,"column":8},"end":{"line":103,"column":8}}]},"4":{"line":109,"type":"if","locations":[{"start":{"line":109,"column":8},"end":{"line":109,"column":8}},{"start":{"line":109,"column":8},"end":{"line":109,"column":8}}]},"5":{"line":135,"type":"if","locations":[{"start":{"line":135,"column":8},"end":{"line":135,"column":8}},{"start":{"line":135,"column":8},"end":{"line":135,"column":8}}]},"6":{"line":136,"type":"if","locations":[{"start":{"line":136,"column":8},"end":{"line":136,"column":8}},{"start":{"line":136,"column":8},"end":{"line":136,"column":8}}]}}},
"contracts/IAZOUpgradeProxy.sol":{"l":{},"path":"/Users/defifofum/Code/ApeSwap/apeswap-iazo/contracts/IAZOUpgradeProxy.sol","s":{},"b":{},"f":{"1":8},"fnMap":{"1":{"name":"constructor","line":24,"loc":{"start":{"line":20,"column":4},"end":{"line":24,"column":55}}}},"statementMap":{},"branchMap":{}},
"contracts/interface/ERC20.sol":{"l":{"53":0,"54":0,"61":0,"69":0,"86":0,"93":0,"100":0,"112":0,"113":0,"120":0,"131":0,"132":0,"149":0,"151":0,"152":0,"153":0,"155":0,"171":0,"172":0,"190":0,"191":0,"192":0,"194":0,"212":0,"213":0,"215":0,"217":0,"218":0,"219":0,"220":0,"222":0,"235":0,"237":0,"239":0,"240":0,"241":0,"256":0,"258":0,"260":0,"261":0,"262":0,"263":0,"265":0,"282":0,"283":0,"285":0,"286":0},"path":"/Users/defifofum/Code/ApeSwap/apeswap-iazo/contracts/interface/ERC20.sol","s":{"1":0,"2":0,"3":0,"4":0,"5":0,"6":0,"7":0,"8":0,"9":0,"10":0,"11":0,"12":0,"13":0,"14":0,"15":0,"16":0,"17":0,"18":0,"19":0,"20":0,"21":0,"22":0,"23":0,"24":0,"25":0,"26":0,"27":0,"28":0,"29":0,"30":0,"31":0,"32":0,"33":0,"34":0,"35":0,"36":0,"37":0,"38":0,"39":0,"40":0,"41":0,"42":0,"43":0,"44":0,"45":0,"46":0,"47":0},"b":{"1":[0,0],"2":[0,0],"3":[0,0],"4":[0,0],"5":[0,0],"6":[0,0],"7":[0,0],"8":[0,0],"9":[0,0],"10":[0,0]},"f":{"1":0,"2":0,"3":0,"4":0,"5":0,"6":0,"7":0,"8":0,"9":0,"10":0,"11":0,"12":0,"13":0,"14":0,"15":0,"16":0,"17":0},"fnMap":{"1":{"name":"constructor","line":52,"loc":{"start":{"line":52,"column":4},"end":{"line":55,"column":4}}},"2":{"name":"name","line":60,"loc":{"start":{"line":60,"column":4},"end":{"line":62,"column":4}}},"3":{"name":"symbol","line":68,"loc":{"start":{"line":68,"column":4},"end":{"line":70,"column":4}}},"4":{"name":"decimals","line":85,"loc":{"start":{"line":85,"column":4},"end":{"line":87,"column":4}}},"5":{"name":"totalSupply","line":92,"loc":{"start":{"line":92,"column":4},"end":{"line":94,"column":4}}},"6":{"name":"balanceOf","line":99,"loc":{"start":{"line":99,"column":4},"end":{"line":101,"column":4}}},"7":{"name":"transfer","line":111,"loc":{"start":{"line":111,"column":4},"end":{"line":114,"column":4}}},"8":{"name":"allowance","line":119,"loc":{"start":{"line":119,"column":4},"end":{"line":121,"column":4}}},"9":{"name":"approve","line":130,"loc":{"start":{"line":130,"column":4},"end":{"line":133,"column":4}}},"10":{"name":"transferFrom","line":148,"loc":{"start":{"line":148,"column":4},"end":{"line":156,"column":4}}},"11":{"name":"increaseAllowance","line":170,"loc":{"start":{"line":170,"column":4},"end":{"line":173,"column":4}}},"12":{"name":"decreaseAllowance","line":189,"loc":{"start":{"line":189,"column":4},"end":{"line":195,"column":4}}},"13":{"name":"_transfer","line":211,"loc":{"start":{"line":211,"column":4},"end":{"line":223,"column":4}}},"14":{"name":"_mint","line":234,"loc":{"start":{"line":234,"column":4},"end":{"line":242,"column":4}}},"15":{"name":"_burn","line":255,"loc":{"start":{"line":255,"column":4},"end":{"line":266,"column":4}}},"16":{"name":"_approve","line":281,"loc":{"start":{"line":281,"column":4},"end":{"line":287,"column":4}}},"17":{"name":"_beforeTokenTransfer","line":303,"loc":{"start":{"line":303,"column":4},"end":{"line":303,"column":95}}}},"statementMap":{"1":{"start":{"line":53,"column":8},"end":{"line":53,"column":20}},"2":{"start":{"line":54,"column":8},"end":{"line":54,"column":24}},"3":{"start":{"line":61,"column":8},"end":{"line":61,"column":20}},"4":{"start":{"line":69,"column":8},"end":{"line":69,"column":22}},"5":{"start":{"line":86,"column":8},"end":{"line":86,"column":17}},"6":{"start":{"line":93,"column":8},"end":{"line":93,"column":27}},"7":{"start":{"line":100,"column":8},"end":{"line":100,"column":33}},"8":{"start":{"line":112,"column":8},"end":{"line":112,"column":49}},"9":{"start":{"line":113,"column":8},"end":{"line":113,"column":19}},"10":{"start":{"line":120,"column":8},"end":{"line":120,"column":42}},"11":{"start":{"line":131,"column":8},"end":{"line":131,"column":46}},"12":{"start":{"line":132,"column":8},"end":{"line":132,"column":19}},"13":{"start":{"line":149,"column":8},"end":{"line":149,"column":43}},"14":{"start":{"line":151,"column":8},"end":{"line":151,"column":68}},"15":{"start":{"line":152,"column":8},"end":{"line":152,"column":86}},"16":{"start":{"line":153,"column":8},"end":{"line":153,"column":64}},"17":{"start":{"line":155,"column":8},"end":{"line":155,"column":19}},"18":{"start":{"line":171,"column":8},"end":{"line":171,"column":87}},"19":{"start":{"line":172,"column":8},"end":{"line":172,"column":19}},"20":{"start":{"line":190,"column":8},"end":{"line":190,"column":69}},"21":{"start":{"line":191,"column":8},"end":{"line":191,"column":92}},"22":{"start":{"line":192,"column":8},"end":{"line":192,"column":74}},"23":{"start":{"line":194,"column":8},"end":{"line":194,"column":19}},"24":{"start":{"line":212,"column":8},"end":{"line":212,"column":77}},"25":{"start":{"line":213,"column":8},"end":{"line":213,"column":78}},"26":{"start":{"line":215,"column":8},"end":{"line":215,"column":54}},"27":{"start":{"line":217,"column":8},"end":{"line":217,"column":49}},"28":{"start":{"line":218,"column":8},"end":{"line":218,"column":81}},"29":{"start":{"line":219,"column":8},"end":{"line":219,"column":49}},"30":{"start":{"line":220,"column":8},"end":{"line":220,"column":37}},"31":{"start":{"line":222,"column":8},"end":{"line":222,"column":48}},"32":{"start":{"line":235,"column":8},"end":{"line":235,"column":72}},"33":{"start":{"line":237,"column":8},"end":{"line":237,"column":56}},"34":{"start":{"line":239,"column":8},"end":{"line":239,"column":29}},"35":{"start":{"line":240,"column":8},"end":{"line":240,"column":35}},"36":{"start":{"line":241,"column":8},"end":{"line":241,"column":50}},"37":{"start":{"line":256,"column":8},"end":{"line":256,"column":74}},"38":{"start":{"line":258,"column":8},"end":{"line":258,"column":56}},"39":{"start":{"line":260,"column":8},"end":{"line":260,"column":51}},"40":{"start":{"line":261,"column":8},"end":{"line":261,"column":78}},"41":{"start":{"line":262,"column":8},"end":{"line":262,"column":51}},"42":{"start":{"line":263,"column":8},"end":{"line":263,"column":29}},"43":{"start":{"line":265,"column":8},"end":{"line":265,"column":50}},"44":{"start":{"line":282,"column":8},"end":{"line":282,"column":75}},"45":{"start":{"line":283,"column":8},"end":{"line":283,"column":75}},"46":{"start":{"line":285,"column":8},"end":{"line":285,"column":43}},"47":{"start":{"line":286,"column":8},"end":{"line":286,"column":45}}},"branchMap":{"1":{"line":152,"type":"if","locations":[{"start":{"line":152,"column":8},"end":{"line":152,"column":8}},{"start":{"line":152,"column":8},"end":{"line":152,"column":8}}]},"2":{"line":191,"type":"if","locations":[{"start":{"line":191,"column":8},"end":{"line":191,"column":8}},{"start":{"line":191,"column":8},"end":{"line":191,"column":8}}]},"3":{"line":212,"type":"if","locations":[{"start":{"line":212,"column":8},"end":{"line":212,"column":8}},{"start":{"line":212,"column":8},"end":{"line":212,"column":8}}]},"4":{"line":213,"type":"if","locations":[{"start":{"line":213,"column":8},"end":{"line":213,"column":8}},{"start":{"line":213,"column":8},"end":{"line":213,"column":8}}]},"5":{"line":218,"type":"if","locations":[{"start":{"line":218,"column":8},"end":{"line":218,"column":8}},{"start":{"line":218,"column":8},"end":{"line":218,"column":8}}]},"6":{"line":235,"type":"if","locations":[{"start":{"line":235,"column":8},"end":{"line":235,"column":8}},{"start":{"line":235,"column":8},"end":{"line":235,"column":8}}]},"7":{"line":256,"type":"if","locations":[{"start":{"line":256,"column":8},"end":{"line":256,"column":8}},{"start":{"line":256,"column":8},"end":{"line":256,"column":8}}]},"8":{"line":261,"type":"if","locations":[{"start":{"line":261,"column":8},"end":{"line":261,"column":8}},{"start":{"line":261,"column":8},"end":{"line":261,"column":8}}]},"9":{"line":282,"type":"if","locations":[{"start":{"line":282,"column":8},"end":{"line":282,"column":8}},{"start":{"line":282,"column":8},"end":{"line":282,"column":8}}]},"10":{"line":283,"type":"if","locations":[{"start":{"line":283,"column":8},"end":{"line":283,"column":8}},{"start":{"line":283,"column":8},"end":{"line":283,"column":8}}]}}},
"contracts/interface/IIAZOLiquidityLocker.sol":{"l":{},"path":"/Users/defifofum/Code/ApeSwap/apeswap-iazo/contracts/interface/IIAZOLiquidityLocker.sol","s":{},"b":{},"f":{},"fnMap":{},"statementMap":{},"branchMap":{}},
"contracts/interface/IIAZOSettings.sol":{"l":{},"path":"/Users/defifofum/Code/ApeSwap/apeswap-iazo/contracts/interface/IIAZOSettings.sol","s":{},"b":{},"f":{},"fnMap":{},"statementMap":{},"branchMap":{}},
"contracts/interface/IUniswapV2Router02.sol":{"l":{},"path":"/Users/defifofum/Code/ApeSwap/apeswap-iazo/contracts/interface/IUniswapV2Router02.sol","s":{},"b":{},"f":{},"fnMap":{},"statementMap":{},"branchMap":{}},
"contracts/interface/IWNative.sol":{"l":{},"path":"/Users/defifofum/Code/ApeSwap/apeswap-iazo/contracts/interface/IWNative.sol","s":{},"b":{},"f":{},"fnMap":{},"statementMap":{},"branchMap":{}},
"contracts/Migrations.sol":{"l":{"9":0,"13":0,"17":0},"path":"/Users/defifofum/Code/ApeSwap/apeswap-iazo/contracts/Migrations.sol","s":{"1":0,"2":0},"b":{"1":[0,0]},"f":{"1":0,"2":0},"fnMap":{"1":{"name":"restricted","line":8,"loc":{"start":{"line":8,"column":2},"end":{"line":14,"column":2}}},"2":{"name":"setCompleted","line":16,"loc":{"start":{"line":16,"column":2},"end":{"line":18,"column":2}}}},"statementMap":{"1":{"start":{"line":9,"column":4},"end":{"line":9,"column":201}},"2":{"start":{"line":17,"column":4},"end":{"line":17,"column":39}}},"branchMap":{"1":{"line":9,"type":"if","locations":[{"start":{"line":9,"column":4},"end":{"line":9,"column":4}},{"start":{"line":9,"column":4},"end":{"line":9,"column":4}}]}}},
"contracts/OwnableProxy.sol":{"l":{"31":0,"38":0,"39":0,"50":0,"51":0,"59":0,"63":0,"64":0},"path":"/Users/defifofum/Code/ApeSwap/apeswap-iazo/contracts/OwnableProxy.sol","s":{"1":0,"2":0,"3":0,"4":0,"5":0,"6":0,"7":0},"b":{"1":[0,0],"2":[0,0]},"f":{"1":0,"2":0,"3":0,"4":0},"fnMap":{"1":{"name":"owner","line":30,"loc":{"start":{"line":30,"column":4},"end":{"line":32,"column":4}}},"2":{"name":"onlyOwner","line":37,"loc":{"start":{"line":37,"column":4},"end":{"line":40,"column":4}}},"3":{"name":"renounceOwnership","line":49,"loc":{"start":{"line":49,"column":4},"end":{"line":52,"column":4}}},"4":{"name":"transferOwnership","line":58,"loc":{"start":{"line":58,"column":4},"end":{"line":65,"column":4}}}},"statementMap":{"1":{"start":{"line":31,"column":8},"end":{"line":31,"column":21}},"2":{"start":{"line":38,"column":8},"end":{"line":38,"column":75}},"3":{"start":{"line":50,"column":8},"end":{"line":50,"column":53}},"4":{"start":{"line":51,"column":8},"end":{"line":51,"column":26}},"5":{"start":{"line":59,"column":8},"end":{"line":59,"column":1881}},"6":{"start":{"line":63,"column":8},"end":{"line":63,"column":51}},"7":{"start":{"line":64,"column":8},"end":{"line":64,"column":24}}},"branchMap":{"1":{"line":38,"type":"if","locations":[{"start":{"line":38,"column":8},"end":{"line":38,"column":8}},{"start":{"line":38,"column":8},"end":{"line":38,"column":8}}]},"2":{"line":59,"type":"if","locations":[{"start":{"line":59,"column":8},"end":{"line":59,"column":8}},{"start":{"line":59,"column":8},"end":{"line":59,"column":8}}]}}}}
