TN:
SF:/Users/defifofum/Code/ApeSwap/apeswap-iazo/contracts/Banana.sol
FN:7,constructor
FN:11,mint
FN:15,burn
FN:19,burnAll
FNF:4
FNH:0
FNDA:0,constructor
FNDA:0,mint
FNDA:0,burn
FNDA:0,burnAll
DA:8,0
DA:12,0
DA:16,0
DA:20,0
LF:4
LH:0
BRF:0
BRH:0
end_of_record
TN:
SF:/Users/defifofum/Code/ApeSwap/apeswap-iazo/contracts/ERC20Mock.sol
FN:7,constructor
FN:11,mint
FN:15,burn
FN:19,burnAll
FNF:4
FNH:2
FNDA:29,constructor
FNDA:16,mint
FNDA:0,burn
FNDA:0,burnAll
DA:8,29
DA:12,16
DA:16,0
DA:20,0
LF:4
LH:2
BRF:0
BRH:0
end_of_record
TN:
SF:/Users/defifofum/Code/ApeSwap/apeswap-iazo/contracts/IAZO.sol
FN:122,initialize
FN:153,onlyAdmin
FN:159,onlyIAZOOwner
FN:165,onlyIAZOFactory
FN:172,getIAZOState
FN:188,userDepositNative
FN:195,userDeposit
FN:202,userDepositPrivate
FN:237,userWithdraw
FN:256,userWithdrawSuccessPrivate
FN:269,userWithdrawFailedPrivate
FN:288,forceFailAdmin
FN:300,updateStart
FN:314,updateMaxSpendLimit
FN:321,addLiquidity
FN:399,sweepToken
FNF:16
FNH:11
FNDA:7,initialize
FNDA:1,onlyAdmin
FNDA:0,onlyIAZOOwner
FNDA:0,onlyIAZOFactory
FNDA:27,getIAZOState
FNDA:3,userDepositNative
FNDA:4,userDeposit
FNDA:7,userDepositPrivate
FNDA:5,userWithdraw
FNDA:4,userWithdrawSuccessPrivate
FNDA:1,userWithdrawFailedPrivate
FNDA:1,forceFailAdmin
FNDA:0,updateStart
FNDA:0,updateMaxSpendLimit
FNDA:6,addLiquidity
FNDA:0,sweepToken
DA:123,7
DA:124,7
DA:126,7
DA:127,7
DA:129,7
DA:130,7
DA:132,7
DA:133,7
DA:134,7
DA:135,7
DA:136,7
DA:137,7
DA:138,7
DA:139,7
DA:140,7
DA:141,7
DA:142,7
DA:143,7
DA:144,7
DA:146,7
DA:148,7
DA:149,7
DA:154,1
DA:155,1
DA:160,0
DA:161,0
DA:166,0
DA:167,0
DA:174,27
DA:176,25
DA:178,25
DA:180,17
DA:182,17
DA:184,3
DA:189,3
DA:190,3
DA:196,4
DA:197,4
DA:204,7
DA:205,7
DA:207,7
DA:208,7
DA:209,7
DA:210,7
DA:211,7
DA:212,2
DA:215,7
DA:216,7
DA:217,7
DA:218,7
DA:220,7
DA:221,7
DA:222,7
DA:223,7
DA:226,7
DA:227,1
DA:230,7
DA:231,4
DA:233,7
DA:238,5
DA:239,5
DA:247,5
DA:248,1
DA:251,5
DA:252,4
DA:257,4
DA:258,2
DA:260,4
DA:261,4
DA:262,4
DA:263,4
DA:264,4
DA:265,4
DA:266,4
DA:270,1
DA:271,1
DA:272,1
DA:273,1
DA:274,1
DA:276,1
DA:277,0
DA:279,1
DA:281,1
DA:289,1
DA:290,1
DA:301,0
DA:302,0
DA:303,0
DA:304,0
DA:305,0
DA:307,0
DA:308,0
DA:309,0
DA:315,0
DA:316,0
DA:317,0
DA:322,6
DA:323,6
DA:325,6
DA:328,2
DA:329,0
DA:330,0
DA:334,2
DA:335,2
DA:338,2
DA:341,2
DA:342,1
DA:345,2
DA:348,2
DA:349,2
DA:351,2
DA:360,2
DA:362,2
DA:364,2
DA:365,1
DA:367,1
DA:369,2
DA:370,2
DA:373,2
DA:374,2
DA:375,0
DA:376,0
DA:377,0
DA:379,0
DA:384,2
DA:386,2
DA:387,1
DA:389,1
DA:392,2
DA:400,0
DA:401,0
DA:402,0
LF:132
LH:107
BRDA:154,1,0,1
BRDA:154,1,1,0
BRDA:160,2,0,0
BRDA:160,2,1,0
BRDA:166,3,0,0
BRDA:166,3,1,0
BRDA:174,4,0,2
BRDA:174,4,1,25
BRDA:176,5,0,0
BRDA:176,5,1,25
BRDA:178,6,0,8
BRDA:178,6,1,17
BRDA:180,7,0,0
BRDA:180,7,1,17
BRDA:182,8,0,14
BRDA:182,8,1,3
BRDA:189,9,0,3
BRDA:189,9,1,0
BRDA:196,10,0,4
BRDA:196,10,1,0
BRDA:204,11,0,7
BRDA:204,11,1,0
BRDA:211,12,0,2
BRDA:211,12,1,5
BRDA:216,13,0,7
BRDA:216,13,1,0
BRDA:217,14,0,7
BRDA:217,14,1,0
BRDA:226,15,0,1
BRDA:226,15,1,6
BRDA:230,16,0,4
BRDA:230,16,1,3
BRDA:239,17,0,5
BRDA:239,17,1,0
BRDA:247,18,0,1
BRDA:247,18,1,4
BRDA:251,19,0,4
BRDA:251,19,1,1
BRDA:257,20,0,2
BRDA:257,20,1,2
BRDA:261,21,0,4
BRDA:261,21,1,0
BRDA:271,22,0,1
BRDA:271,22,1,0
BRDA:276,23,0,0
BRDA:276,23,1,1
BRDA:301,24,0,0
BRDA:301,24,1,0
BRDA:302,25,0,0
BRDA:302,25,1,0
BRDA:303,26,0,0
BRDA:303,26,1,0
BRDA:322,27,0,6
BRDA:322,27,1,0
BRDA:325,28,0,2
BRDA:325,28,1,4
BRDA:328,29,0,0
BRDA:328,29,1,2
BRDA:341,30,0,1
BRDA:341,30,1,1
BRDA:364,31,0,1
BRDA:364,31,1,1
BRDA:374,32,0,0
BRDA:374,32,1,2
BRDA:376,33,0,0
BRDA:376,33,1,0
BRDA:386,34,0,1
BRDA:386,34,1,1
BRF:68
BRH:41
end_of_record
TN:
SF:/Users/defifofum/Code/ApeSwap/apeswap-iazo/contracts/IAZOExposer.sol
FN:47,initializeExposer
FN:57,registerIAZO
FN:71,IAZOIsRegistered
FN:82,addTokenTimelock
FN:93,getTokenTimelock
FN:101,IAZOAtIndex
FN:107,IAZOsLength
FN:114,sweepToken
FNF:8
FNH:6
FNDA:4,initializeExposer
FNDA:7,registerIAZO
FNDA:2,IAZOIsRegistered
FNDA:2,addTokenTimelock
FNDA:0,getTokenTimelock
FNDA:3,IAZOAtIndex
FNDA:14,IAZOsLength
FNDA:0,sweepToken
DA:48,4
DA:49,4
DA:50,4
DA:51,4
DA:52,4
DA:58,7
DA:59,7
DA:60,7
DA:61,7
DA:62,7
DA:63,7
DA:64,7
DA:76,2
DA:83,2
DA:84,2
DA:85,2
DA:86,2
DA:87,2
DA:94,0
DA:95,0
DA:102,3
DA:108,14
DA:115,0
DA:116,0
LF:24
LH:20
BRDA:48,1,0,4
BRDA:48,1,1,0
BRDA:58,2,0,7
BRDA:58,2,1,0
BRDA:59,3,0,7
BRDA:59,3,1,0
BRDA:62,4,0,7
BRDA:62,4,1,0
BRDA:83,5,0,2
BRDA:83,5,1,0
BRDA:84,6,0,2
BRDA:84,6,1,0
BRDA:85,7,0,2
BRDA:85,7,1,0
BRDA:94,8,0,0
BRDA:94,8,1,0
BRF:16
BRH:7
end_of_record
TN:
SF:/Users/defifofum/Code/ApeSwap/apeswap-iazo/contracts/IAZOFactory.sol
FN:100,initialize
FN:120,createIAZO
FN:215,getHardCap
FN:231,getTokensRequired
FN:243,getTokensRequiredInternal
FN:261,pushIAZOVersion
FN:270,setIAZOVersion
FN:280,sweepToken
FNF:8
FNH:5
FNDA:4,initialize
FNDA:21,createIAZO
FNDA:10,getHardCap
FNDA:3,getTokensRequired
FNDA:10,getTokensRequiredInternal
FNDA:0,pushIAZOVersion
FNDA:0,setIAZOVersion
FNDA:0,sweepToken
DA:101,4
DA:103,4
DA:104,4
DA:105,4
DA:106,4
DA:107,4
DA:108,4
DA:109,4
DA:110,4
DA:111,4
DA:127,21
DA:128,21
DA:129,21
DA:130,21
DA:131,21
DA:132,21
DA:133,21
DA:134,21
DA:135,21
DA:136,21
DA:137,21
DA:138,18
DA:140,3
DA:145,21
DA:147,21
DA:150,21
DA:155,19
DA:159,19
DA:160,17
DA:164,15
DA:170,13
DA:171,11
DA:173,9
DA:178,7
DA:179,7
DA:181,7
DA:183,7
DA:185,7
DA:195,7
DA:196,7
DA:197,7
DA:198,7
DA:199,7
DA:201,7
DA:202,7
DA:203,7
DA:204,7
DA:206,3
DA:207,3
DA:220,10
DA:221,10
DA:238,3
DA:239,3
DA:240,3
DA:251,10
DA:252,10
DA:253,10
DA:254,10
DA:255,10
DA:256,10
DA:262,0
DA:263,0
DA:264,0
DA:265,0
DA:271,0
DA:272,0
DA:273,0
DA:274,0
DA:281,0
DA:282,0
DA:283,0
LF:71
LH:60
BRDA:103,1,0,4
BRDA:103,1,1,0
BRDA:108,2,0,4
BRDA:108,2,1,0
BRDA:110,3,0,4
BRDA:110,3,1,0
BRDA:127,4,0,21
BRDA:127,4,1,0
BRDA:137,5,0,18
BRDA:137,5,1,3
BRDA:145,6,0,21
BRDA:145,6,1,0
BRDA:147,7,0,21
BRDA:147,7,1,0
BRDA:150,8,0,19
BRDA:150,8,1,2
BRDA:159,9,0,17
BRDA:159,9,1,2
BRDA:160,10,0,15
BRDA:160,10,1,2
BRDA:164,11,0,13
BRDA:164,11,1,2
BRDA:170,12,0,11
BRDA:170,12,1,2
BRDA:171,13,0,9
BRDA:171,13,1,2
BRDA:173,14,0,7
BRDA:173,14,1,2
BRDA:181,15,0,7
BRDA:181,15,1,0
BRDA:206,16,0,3
BRDA:206,16,1,0
BRDA:252,17,0,10
BRDA:252,17,1,0
BRDA:254,18,0,10
BRDA:254,18,1,0
BRDA:262,19,0,0
BRDA:262,19,1,0
BRDA:271,20,0,0
BRDA:271,20,1,0
BRF:40
BRH:26
end_of_record
TN:
SF:/Users/defifofum/Code/ApeSwap/apeswap-iazo/contracts/IAZOLiquidityLocker.sol
FN:112,initialize
FN:128,apePairIsInitialised
FN:149,lockLiquidity
FN:193,sweepToken
FNF:4
FNH:3
FNDA:4,initialize
FNDA:2,apePairIsInitialised
FNDA:2,lockLiquidity
FNDA:0,sweepToken
DA:113,4
DA:115,4
DA:116,4
DA:117,4
DA:129,2
DA:130,2
DA:131,2
DA:133,0
DA:134,0
DA:135,0
DA:137,0
DA:159,2
DA:161,2
DA:162,2
DA:163,2
DA:164,2
DA:166,2
DA:169,2
DA:170,2
DA:172,2
DA:173,2
DA:174,2
DA:177,2
DA:178,2
DA:179,2
DA:181,2
DA:182,2
DA:184,2
DA:185,2
DA:187,2
DA:194,0
DA:195,0
DA:196,0
LF:33
LH:26
BRDA:130,1,0,2
BRDA:130,1,1,0
BRDA:134,2,0,0
BRDA:134,2,1,0
BRDA:159,3,0,2
BRDA:159,3,1,0
BRDA:162,4,0,2
BRDA:162,4,1,0
BRDA:174,5,0,2
BRDA:174,5,1,0
BRDA:178,6,0,2
BRDA:178,6,1,0
BRDA:179,7,0,2
BRDA:179,7,1,0
BRF:14
BRH:6
end_of_record
TN:
SF:/Users/defifofum/Code/ApeSwap/apeswap-iazo/contracts/IAZOSettings.sol
FN:48,constructor
FN:62,onlyAdmin
FN:70,getAdminAddress
FN:74,isAdmin
FN:78,getMaxIAZOLength
FN:82,getMinIAZOLength
FN:86,getBaseFee
FN:90,getIAZOTokenFee
FN:94,getMaxBaseFee
FN:98,getMaxIAZOTokenFee
FN:102,getNativeCreationFee
FN:106,getMinLockPeriod
FN:110,getFeeAddress
FN:114,getBurnAddress
FN:118,setAdminAddress
FN:124,setFeeAddress
FN:130,setFees
FN:144,setMaxIAZOLength
FN:151,setMinIAZOLength
FN:158,setMinLockPeriod
FN:164,setBurnAddress
FNF:21
FNH:20
FNDA:5,constructor
FNDA:7,onlyAdmin
FNDA:2,getAdminAddress
FNDA:1,isAdmin
FNDA:17,getMaxIAZOLength
FNDA:19,getMinIAZOLength
FNDA:9,getBaseFee
FNDA:11,getIAZOTokenFee
FNDA:1,getMaxBaseFee
FNDA:0,getMaxIAZOTokenFee
FNDA:23,getNativeCreationFee
FNDA:23,getMinLockPeriod
FNDA:31,getFeeAddress
FNDA:2,getBurnAddress
FNDA:1,setAdminAddress
FNDA:1,setFeeAddress
FNDA:1,setFees
FNDA:1,setMaxIAZOLength
FNDA:1,setMinIAZOLength
FNDA:1,setMinLockPeriod
FNDA:1,setBurnAddress
DA:49,5
DA:50,5
DA:51,5
DA:52,5
DA:53,5
DA:54,5
DA:55,5
DA:56,5
DA:57,5
DA:58,5
DA:59,5
DA:63,7
DA:67,7
DA:71,2
DA:75,1
DA:79,17
DA:83,19
DA:87,9
DA:91,11
DA:95,1
DA:99,0
DA:103,23
DA:107,23
DA:111,31
DA:115,2
DA:119,1
DA:120,1
DA:121,1
DA:125,1
DA:126,1
DA:127,1
DA:131,1
DA:132,1
DA:133,1
DA:135,1
DA:136,1
DA:137,1
DA:139,1
DA:140,1
DA:141,1
DA:145,1
DA:146,1
DA:147,1
DA:148,1
DA:152,1
DA:153,1
DA:154,1
DA:155,1
DA:159,1
DA:160,1
DA:161,1
DA:165,1
DA:166,1
DA:167,1
LF:54
LH:53
BRDA:63,1,0,7
BRDA:63,1,1,0
BRDA:131,2,0,1
BRDA:131,2,1,0
BRDA:135,3,0,1
BRDA:135,3,1,0
BRDA:145,4,0,1
BRDA:145,4,1,0
BRDA:152,5,0,1
BRDA:152,5,1,0
BRF:10
BRH:5
end_of_record
TN:
SF:/Users/defifofum/Code/ApeSwap/apeswap-iazo/contracts/IAZOTokenTimelock.sol
FN:52,constructor
FN:66,onlyAdmin
FN:74,onlyBeneficiary
FN:82,numberOfBeneficiaries
FN:86,beneficiaryAtIndex
FN:90,isBeneficiary
FN:94,deposit
FN:102,release
FN:118,addBeneficiary
FN:125,addBeneficiaryInternal
FN:134,revoke
FNF:11
FNH:4
FNDA:2,constructor
FNDA:0,onlyAdmin
FNDA:0,onlyBeneficiary
FNDA:0,numberOfBeneficiaries
FNDA:0,beneficiaryAtIndex
FNDA:2,isBeneficiary
FNDA:2,deposit
FNDA:0,release
FNDA:0,addBeneficiary
FNDA:2,addBeneficiaryInternal
FNDA:0,revoke
DA:58,2
DA:59,2
DA:61,2
DA:62,2
DA:67,0
DA:71,0
DA:75,0
DA:79,0
DA:83,0
DA:87,0
DA:91,2
DA:95,2
DA:96,2
DA:103,0
DA:108,0
DA:109,0
DA:111,0
DA:112,0
DA:119,0
DA:126,2
DA:127,2
DA:135,0
DA:136,0
DA:138,0
DA:140,0
LF:25
LH:9
BRDA:67,1,0,0
BRDA:67,1,1,0
BRDA:75,2,0,0
BRDA:75,2,1,0
BRDA:103,3,0,0
BRDA:103,3,1,0
BRDA:109,4,0,0
BRDA:109,4,1,0
BRDA:135,5,0,0
BRDA:135,5,1,0
BRDA:136,6,0,0
BRDA:136,6,1,0
BRF:12
BRH:0
end_of_record
TN:
SF:/Users/defifofum/Code/ApeSwap/apeswap-iazo/contracts/IAZOUpgradeProxy.sol
FN:24,constructor
FNF:1
FNH:1
FNDA:8,constructor
LF:0
LH:0
BRF:0
BRH:0
end_of_record
TN:
SF:/Users/defifofum/Code/ApeSwap/apeswap-iazo/contracts/interface/ERC20.sol
FN:52,constructor
FN:60,name
FN:68,symbol
FN:85,decimals
FN:92,totalSupply
FN:99,balanceOf
FN:111,transfer
FN:119,allowance
FN:130,approve
FN:148,transferFrom
FN:170,increaseAllowance
FN:189,decreaseAllowance
FN:211,_transfer
FN:234,_mint
FN:255,_burn
FN:281,_approve
FN:303,_beforeTokenTransfer
FNF:17
FNH:0
FNDA:0,constructor
FNDA:0,name
FNDA:0,symbol
FNDA:0,decimals
FNDA:0,totalSupply
FNDA:0,balanceOf
FNDA:0,transfer
FNDA:0,allowance
FNDA:0,approve
FNDA:0,transferFrom
FNDA:0,increaseAllowance
FNDA:0,decreaseAllowance
FNDA:0,_transfer
FNDA:0,_mint
FNDA:0,_burn
FNDA:0,_approve
FNDA:0,_beforeTokenTransfer
DA:53,0
DA:54,0
DA:61,0
DA:69,0
DA:86,0
DA:93,0
DA:100,0
DA:112,0
DA:113,0
DA:120,0
DA:131,0
DA:132,0
DA:149,0
DA:151,0
DA:152,0
DA:153,0
DA:155,0
DA:171,0
DA:172,0
DA:190,0
DA:191,0
DA:192,0
DA:194,0
DA:212,0
DA:213,0
DA:215,0
DA:217,0
DA:218,0
DA:219,0
DA:220,0
DA:222,0
DA:235,0
DA:237,0
DA:239,0
DA:240,0
DA:241,0
DA:256,0
DA:258,0
DA:260,0
DA:261,0
DA:262,0
DA:263,0
DA:265,0
DA:282,0
DA:283,0
DA:285,0
DA:286,0
LF:47
LH:0
BRDA:152,1,0,0
BRDA:152,1,1,0
BRDA:191,2,0,0
BRDA:191,2,1,0
BRDA:212,3,0,0
BRDA:212,3,1,0
BRDA:213,4,0,0
BRDA:213,4,1,0
BRDA:218,5,0,0
BRDA:218,5,1,0
BRDA:235,6,0,0
BRDA:235,6,1,0
BRDA:256,7,0,0
BRDA:256,7,1,0
BRDA:261,8,0,0
BRDA:261,8,1,0
BRDA:282,9,0,0
BRDA:282,9,1,0
BRDA:283,10,0,0
BRDA:283,10,1,0
BRF:20
BRH:0
end_of_record
TN:
SF:/Users/defifofum/Code/ApeSwap/apeswap-iazo/contracts/interface/IIAZOLiquidityLocker.sol
FNF:0
FNH:0
LF:0
LH:0
BRF:0
BRH:0
end_of_record
TN:
SF:/Users/defifofum/Code/ApeSwap/apeswap-iazo/contracts/interface/IIAZOSettings.sol
FNF:0
FNH:0
LF:0
LH:0
BRF:0
BRH:0
end_of_record
TN:
SF:/Users/defifofum/Code/ApeSwap/apeswap-iazo/contracts/interface/IUniswapV2Router02.sol
FNF:0
FNH:0
LF:0
LH:0
BRF:0
BRH:0
end_of_record
TN:
SF:/Users/defifofum/Code/ApeSwap/apeswap-iazo/contracts/interface/IWNative.sol
FNF:0
FNH:0
LF:0
LH:0
BRF:0
BRH:0
end_of_record
TN:
SF:/Users/defifofum/Code/ApeSwap/apeswap-iazo/contracts/Migrations.sol
FN:8,restricted
FN:16,setCompleted
FNF:2
FNH:0
FNDA:0,restricted
FNDA:0,setCompleted
DA:9,0
DA:13,0
DA:17,0
LF:3
LH:0
BRDA:9,1,0,0
BRDA:9,1,1,0
BRF:2
BRH:0
end_of_record
TN:
SF:/Users/defifofum/Code/ApeSwap/apeswap-iazo/contracts/OwnableProxy.sol
FN:30,owner
FN:37,onlyOwner
FN:49,renounceOwnership
FN:58,transferOwnership
FNF:4
FNH:0
FNDA:0,owner
FNDA:0,onlyOwner
FNDA:0,renounceOwnership
FNDA:0,transferOwnership
DA:31,0
DA:38,0
DA:39,0
DA:50,0
DA:51,0
DA:59,0
DA:63,0
DA:64,0
LF:8
LH:0
BRDA:38,1,0,0
BRDA:38,1,1,0
BRDA:59,2,0,0
BRDA:59,2,1,0
BRF:4
BRH:0
end_of_record
